#
# There is insufficient memory for the Java Runtime Environment to continue.
# Native memory allocation (mmap) failed to map 65536 bytes. Error detail: Failed to commit metaspace.
# Possible reasons:
#   The system is out of physical RAM or swap space
#   This process is running with CompressedOops enabled, and the Java Heap may be blocking the growth of the native heap
# Possible solutions:
#   Reduce memory load on the system
#   Increase physical memory or swap space
#   Check if swap backing store is full
#   Decrease Java heap size (-Xmx/-Xms)
#   Decrease number of Java threads
#   Decrease Java thread stack sizes (-Xss)
#   Set larger code cache with -XX:ReservedCodeCacheSize=
#   JVM is running with Unscaled Compressed Oops mode in which the Java heap is
#     placed in the first 4GB address space. The Java Heap base address is the
#     maximum limit for the native heap growth. Please use -XX:HeapBaseMinAddress
#     to set the Java Heap base and to place the Java Heap above 4GB virtual address.
# This output file may be truncated or incomplete.
#
#  Out of Memory Error (virtualSpaceNode.cpp:113), pid=20936, tid=20484
#
# JRE version: OpenJDK Runtime Environment Temurin-21.0.8+9 (21.0.8+9) (build 21.0.8+9-LTS)
# Java VM: OpenJDK 64-Bit Server VM Temurin-21.0.8+9 (21.0.8+9-LTS, mixed mode, sharing, tiered, compressed oops, compressed class ptrs, g1 gc, windows-amd64)
# No core dump will be written. Minidumps are not enabled by default on client versions of Windows
#

---------------  S U M M A R Y ------------

Command Line: -ea -Dfile.encoding=UTF-8 -Dstdout.encoding=UTF-8 -Dstderr.encoding=UTF-8 -XX:+ShowCodeDetailsInExceptionMessages org.testng.remote.RemoteTestNG -serport 53381 -protocol json -d C:\Users\Shilpa\eclipse-workspace\AutomationProject\test-output C:\Users\Shilpa\AppData\Local\Temp\testng-eclipse--2086211266\testng-customsuite.xml

Host: Intel(R) Core(TM) i3-7020U CPU @ 2.30GHz, 4 cores, 3G,  Windows 10 , 64 bit Build 19041 (10.0.19041.5915)
Time: Mon Dec  8 12:17:24 2025 India Standard Time elapsed time: 8.067714 seconds (0d 0h 0m 8s)

---------------  T H R E A D  ---------------

Current thread (0x000002057bba9920):  JavaThread "main"             [_thread_in_vm, id=20484, stack(0x000000d437100000,0x000000d437200000) (1024K)]

Stack: [0x000000d437100000,0x000000d437200000]
Native frames: (J=compiled Java code, j=interpreted, Vv=VM code, C=native code)
V  [jvm.dll+0x6d2449]
V  [jvm.dll+0x8ae341]
V  [jvm.dll+0x8b08be]
V  [jvm.dll+0x8b0fa3]
V  [jvm.dll+0x280c96]
V  [jvm.dll+0x8aa07e]
V  [jvm.dll+0x6745b5]
V  [jvm.dll+0x1e5b2c]
V  [jvm.dll+0x1e58fe]
V  [jvm.dll+0x676eb2]
V  [jvm.dll+0x676cd2]
V  [jvm.dll+0x674f8e]
V  [jvm.dll+0x685fd9]
V  [jvm.dll+0x67f40e]
V  [jvm.dll+0x3d7ad1]
C  0x000002050753bc30

The last pc belongs to method entry point (kind = zerolocals) (printed below).
Java frames: (J=compiled Java code, j=interpreted, Vv=VM code)
j  sun.security.smartcardio.SunPCSC$1.run()Ljava/lang/Void;+0 java.smartcardio@21.0.8
j  sun.security.smartcardio.SunPCSC$1.run()Ljava/lang/Object;+1 java.smartcardio@21.0.8
J 1227 c1 java.security.AccessController.doPrivileged(Ljava/security/PrivilegedAction;)Ljava/lang/Object; java.base@21.0.8 (9 bytes) @ 0x0000020500222254 [0x00000205002220e0+0x0000000000000174]
j  sun.security.smartcardio.SunPCSC.<init>()V+22 java.smartcardio@21.0.8
J 1912 c1 java.lang.invoke.DirectMethodHandle$Holder.newInvokeSpecial(Ljava/lang/Object;)Ljava/lang/Object; java.base@21.0.8 (20 bytes) @ 0x000002050037ad84 [0x000002050037a800+0x0000000000000584]
J 1856 c1 jdk.internal.reflect.DirectConstructorHandleAccessor.newInstance([Ljava/lang/Object;)Ljava/lang/Object; java.base@21.0.8 (130 bytes) @ 0x0000020500360d7c [0x000002050035f780+0x00000000000015fc]
J 1855 c1 java.lang.reflect.Constructor.newInstanceWithCaller([Ljava/lang/Object;ZLjava/lang/Class;)Ljava/lang/Object; java.base@21.0.8 (51 bytes) @ 0x000002050035f04c [0x000002050035ee60+0x00000000000001ec]
J 1902 c1 java.lang.reflect.Constructor.newInstance([Ljava/lang/Object;)Ljava/lang/Object; java.base@21.0.8 (34 bytes) @ 0x0000020500372a44 [0x00000205003728e0+0x0000000000000164]
j  java.util.ServiceLoader$ProviderImpl.newInstance()Ljava/lang/Object;+19 java.base@21.0.8
j  java.util.ServiceLoader$ProviderImpl.get()Ljava/lang/Object;+13 java.base@21.0.8
j  java.util.ServiceLoader$3.next()Ljava/lang/Object;+58 java.base@21.0.8
j  sun.security.jca.ProviderConfig$ProviderLoader.load(Ljava/lang/String;)Ljava/security/Provider;+54 java.base@21.0.8
j  sun.security.jca.ProviderConfig$3.run()Ljava/security/Provider;+44 java.base@21.0.8
J 1910 c1 sun.security.jca.ProviderConfig.getProvider()Ljava/security/Provider; java.base@21.0.8 (322 bytes) @ 0x0000020500378254 [0x0000020500376da0+0x00000000000014b4]
J 1911 c1 sun.security.jca.ProviderList.getProvider(I)Ljava/security/Provider; java.base@21.0.8 (22 bytes) @ 0x0000020500379b74 [0x0000020500379ae0+0x0000000000000094]
j  sun.security.jca.ProviderList.getService(Ljava/lang/String;Ljava/lang/String;)Ljava/security/Provider$Service;+92 java.base@21.0.8
j  sun.security.jca.GetInstance.getInstance(Ljava/lang/String;Ljava/lang/Class;Ljava/lang/String;)Lsun/security/jca/GetInstance$Instance;+7 java.base@21.0.8
j  java.security.Security.getImpl(Ljava/lang/String;Ljava/lang/String;Ljava/lang/String;)[Ljava/lang/Object;+10 java.base@21.0.8
j  java.security.AlgorithmParameters.getInstance(Ljava/lang/String;)Ljava/security/AlgorithmParameters;+14 java.base@21.0.8
j  sun.security.ssl.NamedGroup.<init>(Ljava/lang/String;IILjava/lang/String;Lsun/security/ssl/NamedGroup$NamedGroupSpec;[Lsun/security/ssl/ProtocolVersion;Ljava/security/spec/AlgorithmParameterSpec;)V+87 java.base@21.0.8
j  sun.security.ssl.NamedGroup.<clinit>()V+812 java.base@21.0.8
v  ~StubRoutines::call_stub 0x000002050753100d
j  sun.security.ssl.NamedGroup$SupportedGroups.<clinit>()V+212 java.base@21.0.8
v  ~StubRoutines::call_stub 0x000002050753100d
j  sun.security.ssl.SSLConfiguration.<init>(Lsun/security/ssl/SSLContextImpl;Z)V+115 java.base@21.0.8
j  sun.security.ssl.TransportContext.<init>(Lsun/security/ssl/SSLContextImpl;Lsun/security/ssl/SSLTransport;Lsun/security/ssl/InputRecord;Lsun/security/ssl/OutputRecord;Z)V+10 java.base@21.0.8
j  sun.security.ssl.SSLSocketImpl.<init>(Lsun/security/ssl/SSLContextImpl;)V+87 java.base@21.0.8
j  sun.security.ssl.SSLSocketFactoryImpl.createSocket()Ljava/net/Socket;+8 java.base@21.0.8
j  javax.net.ssl.SSLContextSpi.getDefaultSocket()Ljavax/net/ssl/SSLSocket;+6 java.base@21.0.8
j  javax.net.ssl.SSLContextSpi.engineGetDefaultSSLParameters()Ljavax/net/ssl/SSLParameters;+1 java.base@21.0.8
j  javax.net.ssl.SSLContext.getDefaultSSLParameters()Ljavax/net/ssl/SSLParameters;+4 java.base@21.0.8
j  jdk.internal.net.http.HttpClientImpl.getDefaultParams(Ljavax/net/ssl/SSLContext;)Ljavax/net/ssl/SSLParameters;+1 java.net.http@21.0.8
j  jdk.internal.net.http.HttpClientImpl.<init>(Ljdk/internal/net/http/HttpClientBuilderImpl;Ljdk/internal/net/http/HttpClientImpl$SingleFacadeFactory;)V+587 java.net.http@21.0.8
j  jdk.internal.net.http.HttpClientImpl.create(Ljdk/internal/net/http/HttpClientBuilderImpl;)Ljdk/internal/net/http/HttpClientFacade;+14 java.net.http@21.0.8
j  jdk.internal.net.http.HttpClientBuilderImpl.build()Ljava/net/http/HttpClient;+1 java.net.http@21.0.8
j  org.openqa.selenium.remote.http.jdk.JdkHttpClient.<init>(Lorg/openqa/selenium/remote/http/ClientConfig;)V+369
j  org.openqa.selenium.remote.http.jdk.JdkHttpClient$Factory.createClient(Lorg/openqa/selenium/remote/http/ClientConfig;)Lorg/openqa/selenium/remote/http/HttpClient;+12
j  org.openqa.selenium.remote.HttpCommandExecutor.<init>(Ljava/util/Map;Lorg/openqa/selenium/remote/http/ClientConfig;Lorg/openqa/selenium/remote/http/HttpClient$Factory;)V+66
j  org.openqa.selenium.remote.HttpCommandExecutor.<init>(Ljava/util/Map;Ljava/net/URL;Lorg/openqa/selenium/remote/http/ClientConfig;)V+18
j  org.openqa.selenium.remote.service.DriverCommandExecutor.<init>(Lorg/openqa/selenium/remote/service/DriverService;Ljava/util/Map;Lorg/openqa/selenium/remote/http/ClientConfig;)V+11
j  org.openqa.selenium.chromium.ChromiumDriverCommandExecutor.<init>(Lorg/openqa/selenium/remote/service/DriverService;Ljava/util/Map;Lorg/openqa/selenium/remote/http/ClientConfig;)V+7
j  org.openqa.selenium.chrome.ChromeDriver$ChromeDriverCommandExecutor.<init>(Lorg/openqa/selenium/remote/service/DriverService;Lorg/openqa/selenium/remote/http/ClientConfig;)V+6
j  org.openqa.selenium.chrome.ChromeDriver.generateExecutor(Lorg/openqa/selenium/chrome/ChromeDriverService;Lorg/openqa/selenium/chrome/ChromeOptions;Lorg/openqa/selenium/remote/http/ClientConfig;)Lorg/openqa/selenium/chrome/ChromeDriver$ChromeDriverCommandExecutor;+68
j  org.openqa.selenium.chrome.ChromeDriver.<init>(Lorg/openqa/selenium/chrome/ChromeDriverService;Lorg/openqa/selenium/chrome/ChromeOptions;Lorg/openqa/selenium/remote/http/ClientConfig;)V+4
j  org.openqa.selenium.chrome.ChromeDriver.<init>(Lorg/openqa/selenium/chrome/ChromeDriverService;Lorg/openqa/selenium/chrome/ChromeOptions;)V+6
j  org.openqa.selenium.chrome.ChromeDriver.<init>()V+11
j  basepckg.Basecls.setup()V+4
j  java.lang.invoke.LambdaForm$DMH+0x0000020513119000.invokeVirtual(Ljava/lang/Object;Ljava/lang/Object;)V+10 java.base@21.0.8
j  java.lang.invoke.LambdaForm$MH+0x0000020513119800.invoke(Ljava/lang/Object;Ljava/lang/Object;)Ljava/lang/Object;+31 java.base@21.0.8
j  java.lang.invoke.Invokers$Holder.invokeExact_MT(Ljava/lang/Object;Ljava/lang/Object;Ljava/lang/Object;)Ljava/lang/Object;+19 java.base@21.0.8
j  jdk.internal.reflect.DirectMethodHandleAccessor.invokeImpl(Ljava/lang/Object;[Ljava/lang/Object;)Ljava/lang/Object;+41 java.base@21.0.8
j  jdk.internal.reflect.DirectMethodHandleAccessor.invoke(Ljava/lang/Object;[Ljava/lang/Object;)Ljava/lang/Object;+23 java.base@21.0.8
j  java.lang.reflect.Method.invoke(Ljava/lang/Object;[Ljava/lang/Object;)Ljava/lang/Object;+102 java.base@21.0.8
j  org.testng.internal.invokers.MethodInvocationHelper.invokeMethod(Ljava/lang/reflect/Method;Ljava/lang/Object;[Ljava/lang/Object;)Ljava/lang/Object;+207
j  org.testng.internal.invokers.MethodInvocationHelper.invokeMethodConsideringTimeout(Lorg/testng/ITestNGMethod;Lorg/testng/internal/ConstructorOrMethod;Ljava/lang/Object;[Ljava/lang/Object;Lorg/testng/ITestResult;Lorg/testng/internal/IConfiguration;)V+15
j  org.testng.internal.invokers.ConfigInvoker.invokeConfigurationMethod(Ljava/lang/Object;Lorg/testng/ITestNGMethod;[Ljava/lang/Object;Lorg/testng/ITestResult;)V+222
j  org.testng.internal.invokers.ConfigInvoker.invokeConfigurations(Lorg/testng/internal/invokers/ConfigMethodArguments;)V+538
j  org.testng.TestRunner.invokeTestConfigurations([Lorg/testng/ITestNGMethod;)V+55
j  org.testng.TestRunner.beforeRun()V+30
j  org.testng.TestRunner.run()V+1
j  org.testng.SuiteRunner.runTest(Lorg/testng/TestRunner;)V+21
j  org.testng.SuiteRunner.runSequentially()V+31
j  org.testng.SuiteRunner.privateRun()V+341
j  org.testng.SuiteRunner.run()V+6
j  org.testng.SuiteRunnerWorker.runSuite(Lorg/testng/internal/invokers/SuiteRunnerMap;Lorg/testng/xml/XmlSuite;)V+56
j  org.testng.SuiteRunnerWorker.run()V+12
j  org.testng.TestNG.runSuitesSequentially(Lorg/testng/xml/XmlSuite;Lorg/testng/internal/invokers/SuiteRunnerMap;ILjava/lang/String;)V+66
j  org.testng.TestNG.runSuitesLocally()Ljava/util/List;+190
j  org.testng.TestNG.runSuites()Ljava/util/List;+1
j  org.testng.TestNG.run()V+25
j  org.testng.remote.AbstractRemoteTestNG.run()V+149
j  org.testng.remote.RemoteTestNG.initAndRun(Lorg/testng/remote/IRemoteTestNG;[Ljava/lang/String;Lorg/testng/CommandLineArgs;Lorg/testng/remote/RemoteArgs;)V+272
j  org.testng.remote.RemoteTestNG.main([Ljava/lang/String;)V+223
v  ~StubRoutines::call_stub 0x000002050753100d
method entry point (kind = zerolocals)  [0x000002050753ba40, 0x000002050753be08]  968 bytes
[MachCode]
  0x000002050753ba40: 488b 5308 | 0fb7 4a2e | 0fb7 522c | 2bd1 81fa | f501 0000 | 0f86 2500 | 0000 488b | c248 c1e0 
  0x000002050753ba60: 0348 83c0 | 5849 0387 | c804 0000 | 483b e00f | 870a 0000 | 0058 498b | e550 e901 | acff ff58 
  0x000002050753ba80: 4c8d 74cc | f885 d20f | 8e09 0000 | 0068 0000 | 0000 ffca | 7ff7 5055 | 488b ec41 | 5568 0000 
  0x000002050753baa0: 0000 4c8b | 6b08 4d8d | 6d38 5348 | 8b53 0848 | 8b52 0848 | 8b52 1848 | 8b52 7048 | 8b12 5248 
  0x000002050753bac0: 8b53 1048 | 85d2 0f84 | 0700 0000 | 4881 c208 | 0100 0052 | 488b 5308 | 488b 5208 | 488b 5210 
  0x000002050753bae0: 5249 8bc6 | 482b c548 | c1e8 0350 | 4155 6800 | 0000 0048 | 8924 2441 | c687 7104 | 0000 0148 
  0x000002050753bb00: 8b45 d848 | 85c0 0f84 | 9100 0000 | 8b48 fc85 | c90f 8886 | 0000 0048 | 03c1 488b | 4808 4883 
  0x000002050753bb20: e902 488b | 54c8 1048 | f7da 498b | 14d6 4885 | d275 10f6 | 44c8 1801 | 755d f048 | 834c c818 
  0x000002050753bb40: 01eb 548b | 5208 49ba | 0000 0012 | 0502 0000 | 4903 d24c | 8bd2 4833 | 54c8 1848 | f7c2 fcff 
  0x000002050753bb60: ffff 7433 | f6c2 0275 | 2e48 837c | c818 0074 | 2148 837c | c818 0174 | 1949 8bd2 | 4833 54c8 
  0x000002050753bb80: 1848 f7c2 | fcff ffff | 740d 4883 | 4cc8 1802 | eb05 4889 | 54c8 1848 | 83e9 0279 | 8548 8b43 
  0x000002050753bba0: 1048 85c0 | 7420 8b88 | cc00 0000 | 83c1 0289 | 88cc 0000 | 0023 88e0 | 0000 000f | 8496 0100 
  0x000002050753bbc0: 00e9 cf00 | 0000 488b | 4318 4885 | c00f 85b0 | 0000 00e8 | 0500 0000 | e999 0000 | 0048 8bd3 
  0x000002050753bbe0: 488d 4424 | 084c 896d | c049 8bcf | c5f8 7749 | 89af a803 | 0000 4989 | 8798 0300 | 0048 83ec 
  0x000002050753bc00: 2040 f6c4 | 0f0f 8419 | 0000 0048 | 83ec 0848 | b8b0 7ae5 | 58ff 7f00 | 00ff d048 | 83c4 08e9 
  0x000002050753bc20: 0c00 0000 | 48b8 b07a | e558 ff7f | 0000 ffd0 | 4883 c420 | 49c7 8798 | 0300 0000 | 0000 0049 
  0x000002050753bc40: c787 a803 | 0000 0000 | 0000 49c7 | 87a0 0300 | 0000 0000 | 00c5 f877 | 4983 7f08 | 000f 8405 
  0x000002050753bc60: 0000 00e9 | 9852 ffff | 4c8b 6dc0 | 4c8b 75c8 | 4e8d 74f5 | 00c3 488b | 4318 4885 | c00f 8412 
  0x000002050753bc80: 0000 008b | 4808 83c1 | 0289 4808 | 2348 1c0f | 84c2 0000 | 0049 3ba7 | e004 0000 | 0f87 4800 
  0x000002050753bca0: 0000 8984 | 2400 f0ff | ff89 8424 | 00e0 ffff | 8984 2400 | d0ff ff89 | 8424 00c0 | ffff 8984 
  0x000002050753bcc0: 2400 b0ff | ff89 8424 | 00a0 ffff | 8984 2400 | 90ff ff89 | 8424 0080 | ffff 493b | a7d8 0400 
  0x000002050753bce0: 0076 0749 | 89a7 e004 | 0000 41c6 | 8771 0400 | 0000 49ba | 56cc 7159 | ff7f 0000 | 4180 3a00 
  0x000002050753bd00: 0f84 3e00 | 0000 488b | 55e8 498b | cf48 83ec | 2040 f6c4 | 0f0f 8419 | 0000 0048 | 83ec 0848 
  0x000002050753bd20: b890 8d1b | 59ff 7f00 | 00ff d048 | 83c4 08e9 | 0c00 0000 | 48b8 908d | 1b59 ff7f | 0000 ffd0 
  0x000002050753bd40: 4883 c420 | 410f b65d | 0049 ba30 | 9c74 59ff | 7f00 0041 | ff24 daba | 0000 0000 | e805 0000 
  0x000002050753bd60: 00e9 9600 | 0000 488d | 4424 084c | 896d c049 | 8bcf c5f8 | 7749 89af | a803 0000 | 4989 8798 
  0x000002050753bd80: 0300 0048 | 83ec 2040 | f6c4 0f0f | 8419 0000 | 0048 83ec | 0848 b870 | 85e5 58ff | 7f00 00ff 
  0x000002050753bda0: d048 83c4 | 08e9 0c00 | 0000 48b8 | 7085 e558 | ff7f 0000 | ffd0 4883 | c420 49c7 | 8798 0300 
  0x000002050753bdc0: 0000 0000 | 0049 c787 | a803 0000 | 0000 0000 | 49c7 87a0 | 0300 0000 | 0000 00c5 | f877 4983 
  0x000002050753bde0: 7f08 000f | 8405 0000 | 00e9 1251 | ffff 4c8b | 6dc0 4c8b | 75c8 4e8d | 74f5 00c3 | 488b 5de8 
  0x000002050753be00: e990 feff | ff66 6690 
[/MachCode]

Compiled method (c1) 8142 1227       3       java.security.AccessController::doPrivileged (9 bytes)
 total in heap  [0x0000020500221f10,0x0000020500222558] = 1608
 relocation     [0x0000020500222070,0x00000205002220e0] = 112
 main code      [0x00000205002220e0,0x00000205002223c0] = 736
 stub code      [0x00000205002223c0,0x0000020500222418] = 88
 metadata       [0x0000020500222418,0x0000020500222430] = 24
 scopes data    [0x0000020500222430,0x00000205002224b0] = 128
 scopes pcs     [0x00000205002224b0,0x0000020500222540] = 144
 dependencies   [0x0000020500222540,0x0000020500222548] = 8
 nul chk table  [0x0000020500222548,0x0000020500222558] = 16

[Constant Pool (empty)]

[MachCode]
[Verified Entry Point]
  # {method} {0x0000020512472858} 'doPrivileged' '(Ljava/security/PrivilegedAction;)Ljava/lang/Object;' in 'java/security/AccessController'
  # parm0:    rdx:rdx   = 'java/security/PrivilegedAction'
  #           [sp+0x70]  (sp of caller)
  0x00000205002220e0: 8984 2400 | 80ff ff55 | 4883 ec60 | 4181 7f20 | 0100 0000 

  0x00000205002220f4: ;   {runtime_call StubRoutines (final stubs)}
  0x00000205002220f4: 7405 e865 

  0x00000205002220f8: ;   {metadata(method data for {method} {0x0000020512472858} 'doPrivileged' '(Ljava/security/PrivilegedAction;)Ljava/lang/Object;' in 'java/security/AccessController')}
  0x00000205002220f8: 2c34 0748 | bef0 4a13 | 5405 0200 | 008b becc | 0000 0083 | c702 89be | cc00 0000 | 81e7 fe07 
  0x0000020500222118: 0000 85ff | 0f84 d401 | 0000 4889 

  0x0000020500222124: ;   {metadata(method data for {method} {0x0000020512472858} 'doPrivileged' '(Ljava/security/PrivilegedAction;)Ljava/lang/Object;' in 'java/security/AccessController')}
  0x0000020500222124: 5424 4048 | bef0 4a13 | 5405 0200 | 0048 8386 | 1001 0000 | 0166 0f1f 

  0x000002050022213c: ;   {static_call}
  0x000002050022213c: 4400 00e8 

  0x0000020500222140: ; ImmutableOopMap {[64]=Oop }
                      ;*invokestatic getCallerClass {reexecute=0 rethrow=0 return_oop=0}
                      ; - java.security.AccessController::doPrivileged@2 (line 319)
  0x0000020500222140: 1cca 8c07 

  0x0000020500222144: ;   {other}
  0x0000020500222144: 0f1f 8400 | 3402 0000 

  0x000002050022214c: ;   {metadata(method data for {method} {0x0000020512472858} 'doPrivileged' '(Ljava/security/PrivilegedAction;)Ljava/lang/Object;' in 'java/security/AccessController')}
  0x000002050022214c: 48ba f04a | 1354 0502 | 0000 4883 | 8220 0100 

  0x000002050022215c: ;   {metadata(method data for {method} {0x0000020512472c40} 'executePrivileged' '(Ljava/security/PrivilegedAction;Ljava/security/AccessControlContext;Ljava/lang/Class;)Ljava/lang/Object;' in 'java/security/AccessController')}
  0x000002050022215c: 0001 48ba | 604c 1354 | 0502 0000 | 8bb2 cc00 | 0000 83c6 | 0289 b2cc | 0000 0081 | e6fe ff1f 
  0x000002050022217c: 0085 f60f | 8492 0100 

  0x0000020500222184: ;   {metadata(method data for {method} {0x0000020512472c40} 'executePrivileged' '(Ljava/security/PrivilegedAction;Ljava/security/AccessControlContext;Ljava/lang/Class;)Ljava/lang/Object;' in 'java/security/AccessController')}
  0x0000020500222184: 0048 ba60 | 4c13 5405 | 0200 00ff | 8210 0100 

  0x0000020500222194: ;   {metadata(method data for {method} {0x0000020512472c40} 'executePrivileged' '(Ljava/security/PrivilegedAction;Ljava/security/AccessControlContext;Ljava/lang/Class;)Ljava/lang/Object;' in 'java/security/AccessController')}
  0x0000020500222194: 0048 ba60 | 4c13 5405 | 0200 00ff | 8240 0100 | 0048 8944 | 2448 488b | 5424 4048 | 3b02 488b 
  0x00000205002221b4: ;   {metadata(method data for {method} {0x0000020512472c40} 'executePrivileged' '(Ljava/security/PrivilegedAction;Ljava/security/AccessControlContext;Ljava/lang/Class;)Ljava/lang/Object;' in 'java/security/AccessController')}
  0x00000205002221b4: f248 bf60 | 4c13 5405 | 0200 008b | 7608 49ba | 0000 0012 | 0502 0000 | 4903 f248 | 3bb7 b001 
  0x00000205002221d4: 0000 750d | 4883 87b8 | 0100 0001 | e960 0000 | 0048 3bb7 | c001 0000 | 750d 4883 | 87c8 0100 
  0x00000205002221f4: 0001 e94a | 0000 0048 | 83bf b001 | 0000 0075 | 1748 89b7 | b001 0000 | 48c7 87b8 | 0100 0001 
  0x0000020500222214: 0000 00e9 | 2900 0000 | 4883 bfc0 | 0100 0000 | 7517 4889 | b7c0 0100 | 0048 c787 | c801 0000 
  0x0000020500222234: 0100 0000 | e908 0000 | 0048 8387 | a001 0000 | 0148 b8e0 | a53f 5805 

  0x000002050022224c: ;   {virtual_call}
  0x000002050022224c: 0200 00e8 

  0x0000020500222250: ; ImmutableOopMap {[72]=Oop }
                      ;*invokeinterface run {reexecute=0 rethrow=0 return_oop=0}
                      ; - java.security.AccessController::executePrivileged@29 (line 778)
                      ; - java.security.AccessController::doPrivileged@5 (line 319)
  0x0000020500222250: bcbb 4207 

  0x0000020500222254: ;   {other}
  0x0000020500222254: 0f1f 8400 | 4403 0001 

  0x000002050022225c: ;   {metadata(method data for {method} {0x0000020512472c40} 'executePrivileged' '(Ljava/security/PrivilegedAction;Ljava/security/AccessControlContext;Ljava/lang/Class;)Ljava/lang/Object;' in 'java/security/AccessController')}
  0x000002050022225c: 48be 604c | 1354 0502 | 0000 ff86 | d801 0000 | 488b 7424 

  0x0000020500222270: ;   {metadata(method data for {method} {0x0000020512472c40} 'executePrivileged' '(Ljava/security/PrivilegedAction;Ljava/security/AccessControlContext;Ljava/lang/Class;)Ljava/lang/Object;' in 'java/security/AccessController')}
  0x0000020500222270: 4848 bf60 | 4c13 5405 | 0200 0048 | 8387 3802 

  0x0000020500222280: ;   {metadata(method data for {method} {0x000002051203da90} 'reachabilityFence' '(Ljava/lang/Object;)V' in 'java/lang/ref/Reference')}
  0x0000020500222280: 0000 0148 | bfe8 1503 | 5405 0200 | 008b 9fcc | 0000 0083 | c302 899f | cc00 0000 | 81e3 feff 
  0x00000205002222a0: 1f00 85db | 0f84 9300 

  0x00000205002222a8: ;   {metadata(method data for {method} {0x0000020512472c40} 'executePrivileged' '(Ljava/security/PrivilegedAction;Ljava/security/AccessControlContext;Ljava/lang/Class;)Ljava/lang/Object;' in 'java/security/AccessController')}
  0x00000205002222a8: 0000 48be | 604c 1354 | 0502 0000 | 4883 8648 | 0200 0001 

  0x00000205002222bc: ;   {metadata(method data for {method} {0x000002051203da90} 'reachabilityFence' '(Ljava/lang/Object;)V' in 'java/lang/ref/Reference')}
  0x00000205002222bc: 48be e815 | 0354 0502 | 0000 8bbe | cc00 0000 | 83c7 0289 | becc 0000 | 0081 e7fe | ff1f 0085 
  0x00000205002222dc: ff0f 847b | 0000 0048 | 83c4 605d 

  0x00000205002222e8: ;   {poll_return}
  0x00000205002222e8: 493b a748 | 0400 000f | 878a 0000 

  0x00000205002222f4: ;   {metadata({method} {0x0000020512472858} 'doPrivileged' '(Ljava/security/PrivilegedAction;)Ljava/lang/Object;' in 'java/security/AccessController')}
  0x00000205002222f4: 00c3 49ba | 5028 4712 | 0502 0000 | 4c89 5424 | 0848 c704 | 24ff ffff 

  0x000002050022230c: ;   {runtime_call counter_overflow Runtime1 stub}
  0x000002050022230c: ffe8 ee26 

  0x0000020500222310: ; ImmutableOopMap {rdx=Oop }
                      ;*synchronization entry
                      ; - java.security.AccessController::doPrivileged@-1 (line 319)
  0x0000020500222310: 4207 e90b 

  0x0000020500222314: ;   {metadata({method} {0x0000020512472c40} 'executePrivileged' '(Ljava/security/PrivilegedAction;Ljava/security/AccessControlContext;Ljava/lang/Class;)Ljava/lang/Object;' in 'java/security/AccessController')}
  0x0000020500222314: feff ff49 | ba38 2c47 | 1205 0200 | 004c 8954 | 2408 48c7 | 0424 ffff 

  0x000002050022232c: ;   {runtime_call counter_overflow Runtime1 stub}
  0x000002050022232c: ffff e8cd 

  0x0000020500222330: ; ImmutableOopMap {rax=Oop [64]=Oop }
                      ;*synchronization entry
                      ; - java.security.AccessController::executePrivileged@-1 (line 773)
                      ; - java.security.AccessController::doPrivileged@5 (line 319)
  0x0000020500222330: 2642 07e9 | 4dfe ffff 

  0x0000020500222338: ;   {runtime_call throw_null_pointer_exception Runtime1 stub}
  0x0000020500222338: e8c3 d541 

  0x000002050022233c: ; ImmutableOopMap {rdx=Oop [72]=Oop }
                      ;*invokeinterface run {reexecute=0 rethrow=0 return_oop=0}
                      ; - java.security.AccessController::executePrivileged@29 (line 778)
                      ; - java.security.AccessController::doPrivileged@5 (line 319)
                      ;   {metadata({method} {0x000002051203da90} 'reachabilityFence' '(Ljava/lang/Object;)V' in 'java/lang/ref/Reference')}
  0x000002050022233c: 0749 ba88 | da03 1205 | 0200 004c | 8954 2408 | 48c7 0424 | ffff ffff 

  0x0000020500222354: ;   {runtime_call counter_overflow Runtime1 stub}
  0x0000020500222354: e8a7 2642 

  0x0000020500222358: ; ImmutableOopMap {rax=Oop rsi=Oop }
                      ;*synchronization entry
                      ; - java.lang.ref.Reference::reachabilityFence@-1 (line 628)
                      ; - java.security.AccessController::executePrivileged@56 (line 783)
                      ; - java.security.AccessController::doPrivileged@5 (line 319)
  0x0000020500222358: 07e9 4cff 

  0x000002050022235c: ;   {metadata({method} {0x000002051203da90} 'reachabilityFence' '(Ljava/lang/Object;)V' in 'java/lang/ref/Reference')}
  0x000002050022235c: ffff 49ba | 88da 0312 | 0502 0000 | 4c89 5424 | 0848 c704 | 24ff ffff 

  0x0000020500222374: ;   {runtime_call counter_overflow Runtime1 stub}
  0x0000020500222374: ffe8 8626 

  0x0000020500222378: ; ImmutableOopMap {rax=Oop }
                      ;*synchronization entry
                      ; - java.lang.ref.Reference::reachabilityFence@-1 (line 628)
                      ; - java.security.AccessController::executePrivileged@60 (line 784)
                      ; - java.security.AccessController::doPrivileged@5 (line 319)
  0x0000020500222378: 4207 e964 

  0x000002050022237c: ;   {internal_word}
  0x000002050022237c: ffff ff49 | bae8 2222 | 0005 0200 | 004d 8997 | 6004 0000 

  0x0000020500222390: ;   {runtime_call SafepointBlob}
  0x0000020500222390: e96b 3336 | 0749 8b87 | f804 0000 | 49c7 87f8 | 0400 0000 | 0000 0049 | c787 0005 | 0000 0000 
  0x00000205002223b0: 0000 4883 

  0x00000205002223b4: ;   {runtime_call unwind_exception Runtime1 stub}
  0x00000205002223b4: c460 5de9 | 44c6 4107 | f4f4 f4f4 
[Stub Code]
  0x00000205002223c0: ;   {no_reloc}
  0x00000205002223c0: 0f1f 4400 

  0x00000205002223c4: ;   {static_stub}
  0x00000205002223c4: 0048 bb00 | 0000 0000 

  0x00000205002223cc: ;   {runtime_call nmethod}
  0x00000205002223cc: 0000 00e9 | fbff ffff 

  0x00000205002223d4: ;   {static_stub}
  0x00000205002223d4: 48bb 0000 | 0000 0000 

  0x00000205002223dc: ;   {runtime_call nmethod}
  0x00000205002223dc: 0000 e9fb 

  0x00000205002223e0: ;   {runtime_call handle_exception_from_callee Runtime1 stub}
  0x00000205002223e0: ffff ffe8 | 18f3 4107 

  0x00000205002223e8: ;   {external_word}
  0x00000205002223e8: 48b9 90e2 | 4759 ff7f | 0000 4883 

  0x00000205002223f4: ;   {runtime_call}
  0x00000205002223f4: e4f0 48b8 | 1079 0a59 | ff7f 0000 

  0x0000020500222400: ;   {section_word}
  0x0000020500222400: ffd0 f449 | ba03 2422 | 0005 0200 

  0x000002050022240c: ;   {runtime_call DeoptimizationBlob}
  0x000002050022240c: 0041 52e9 | 8c25 3607 | f4f4 f4f4 
[/MachCode]


Compiled method (c1) 8161 1912       3       java.lang.invoke.DirectMethodHandle$Holder::newInvokeSpecial (20 bytes)
 total in heap  [0x000002050037a610,0x000002050037b020] = 2576
 relocation     [0x000002050037a770,0x000002050037a800] = 144
 main code      [0x000002050037a800,0x000002050037ae60] = 1632
 stub code      [0x000002050037ae60,0x000002050037aec0] = 96
 metadata       [0x000002050037aec0,0x000002050037aed8] = 24
 scopes data    [0x000002050037aed8,0x000002050037af50] = 120
 scopes pcs     [0x000002050037af50,0x000002050037b000] = 176
 dependencies   [0x000002050037b000,0x000002050037b008] = 8
 nul chk table  [0x000002050037b008,0x000002050037b020] = 24

[Constant Pool (empty)]

[MachCode]
[Verified Entry Point]
  # {method} {0x00000205120b5da8} 'newInvokeSpecial' '(Ljava/lang/Object;)Ljava/lang/Object;' in 'java/lang/invoke/DirectMethodHandle$Holder'
  # parm0:    rdx:rdx   = 'java/lang/Object'
  #           [sp+0x60]  (sp of caller)
  0x000002050037a800: 8984 2400 | 80ff ff55 | 4883 ec50 | 4181 7f20 | 0100 0000 

  0x000002050037a814: ;   {runtime_call StubRoutines (final stubs)}
  0x000002050037a814: 7405 e845 

  0x000002050037a818: ;   {metadata(method data for {method} {0x00000205120b5da8} 'newInvokeSpecial' '(Ljava/lang/Object;)Ljava/lang/Object;' in 'java/lang/invoke/DirectMethodHandle$Holder')}
  0x000002050037a818: a51e 0749 | b870 2cbc | 5405 0200 | 004d 8d80 | 3802 0000 | 4885 d275 | 0d41 f600 | 0175 4df0 
  0x000002050037a838: 4983 0801 | eb46 8b72 | 0849 ba00 | 0000 1205 | 0200 0049 | 03f2 4c8b | d649 3330 | 48f7 c6fc 
  0x000002050037a858: ffff ff74 | 2740 f6c6 | 0275 2149 | f700 feff | ffff 7415 | 498b f249 | 3330 48f7 | c6fc ffff 
  0x000002050037a878: ff74 0949 | 8308 02eb | 0349 8930 

  0x000002050037a884: ;   {metadata(method data for {method} {0x00000205120b5da8} 'newInvokeSpecial' '(Ljava/lang/Object;)Ljava/lang/Object;' in 'java/lang/invoke/DirectMethodHandle$Holder')}
  0x000002050037a884: 49b8 702c | bc54 0502 | 0000 418b | b0cc 0000 | 0083 c602 | 4189 b0cc | 0000 0081 | e6fe 0700 
  0x000002050037a8a4: 0085 f60f | 84f7 0400 

  0x000002050037a8ac: ;   {metadata(method data for {method} {0x00000205120b5da8} 'newInvokeSpecial' '(Ljava/lang/Object;)Ljava/lang/Object;' in 'java/lang/invoke/DirectMethodHandle$Holder')}
  0x000002050037a8ac: 0049 b870 | 2cbc 5405 | 0200 004d | 8d80 2001 | 0000 4885 | d275 0f41 | f640 0801 | 7553 f049 
  0x000002050037a8cc: 8348 0801 | eb4b 8b72 | 0849 ba00 | 0000 1205 | 0200 0049 | 03f2 4c8b | d649 3370 | 0848 f7c6 
  0x000002050037a8ec: fcff ffff | 742b 40f6 | c602 7525 | 49f7 4008 | feff ffff | 7417 498b | f249 3370 | 0848 f7c6 
  0x000002050037a90c: fcff ffff | 740b 4983 | 4808 02eb | 0449 8970 

  0x000002050037a91c: ;   {metadata(method data for {method} {0x00000205120b5da8} 'newInvokeSpecial' '(Ljava/lang/Object;)Ljava/lang/Object;' in 'java/lang/invoke/DirectMethodHandle$Holder')}
  0x000002050037a91c: 0849 b870 | 2cbc 5405 | 0200 0049 | 8380 1001 

  0x000002050037a92c: ;   {metadata(method data for {method} {0x00000205120a2650} 'allocateInstance' '(Ljava/lang/Object;)Ljava/lang/Object;' in 'java/lang/invoke/DirectMethodHandle')}
  0x000002050037a92c: 0000 0149 | b850 1c35 | 5405 0200 | 0041 8bb0 | cc00 0000 | 83c6 0241 | 89b0 cc00 | 0000 81e6 
  0x000002050037a94c: feff 1f00 | 85f6 0f84 | 6d04 0000 | 4885 d275 

  0x000002050037a95c: ;   {metadata(method data for {method} {0x00000205120a2650} 'allocateInstance' '(Ljava/lang/Object;)Ljava/lang/Object;' in 'java/lang/invoke/DirectMethodHandle')}
  0x000002050037a95c: 1648 bf50 | 1c35 5405 | 0200 0080 | 8f09 0100 | 0001 e9cc 

  0x000002050037a970: ;   {metadata('java/lang/invoke/DirectMethodHandle$Constructor')}
  0x000002050037a970: 0000 0048 | bb30 c114 | 1205 0200 | 008b 7208 | 49ba 0000 | 0012 0502 | 0000 4903 | f248 3bde 
  0x000002050037a990: 0f85 8d00 

  0x000002050037a994: ;   {metadata(method data for {method} {0x00000205120a2650} 'allocateInstance' '(Ljava/lang/Object;)Ljava/lang/Object;' in 'java/lang/invoke/DirectMethodHandle')}
  0x000002050037a994: 0000 48bf | 501c 3554 | 0502 0000 | 8b5a 0849 | ba00 0000 | 1205 0200 | 0049 03da | 483b 9f20 
  0x000002050037a9b4: 0100 0075 | 0d48 8387 | 2801 0000 | 01e9 7900 | 0000 483b | 9f30 0100 | 0075 0d48 | 8387 3801 
  0x000002050037a9d4: 0000 01e9 | 6300 0000 | 4883 bf20 | 0100 0000 | 7517 4889 | 9f20 0100 | 0048 c787 | 2801 0000 
  0x000002050037a9f4: 0100 0000 | e942 0000 | 0048 83bf | 3001 0000 | 0075 1748 | 899f 3001 | 0000 48c7 | 8738 0100 
  0x000002050037aa14: 0001 0000 | 00e9 2100 | 0000 e91c 

  0x000002050037aa20: ;   {metadata(method data for {method} {0x00000205120a2650} 'allocateInstance' '(Ljava/lang/Object;)Ljava/lang/Object;' in 'java/lang/invoke/DirectMethodHandle')}
  0x000002050037aa20: 0000 0048 | bf50 1c35 | 5405 0200 | 0048 83af | 1001 0000 | 01e9 ac03 | 0000 e900 | 0000 004c 
  0x000002050037aa40: 8bc2 458b 

  0x000002050037aa44: ;   {oop(a 'jdk/internal/misc/Unsafe'{0x00000000c21ac238})}
  0x000002050037aa44: 4028 48be | 38c2 1ac2 | 0000 0000 

  0x000002050037aa50: ;   {metadata(method data for {method} {0x00000205120a2650} 'allocateInstance' '(Ljava/lang/Object;)Ljava/lang/Object;' in 'java/lang/invoke/DirectMethodHandle')}
  0x000002050037aa50: 488b fe48 | bb50 1c35 | 5405 0200 | 0048 8383 | 4801 0000 | 0148 8954 | 2430 488b 

  0x000002050037aa6c: ;   {optimized virtual_call}
  0x000002050037aa6c: d666 90e8 

  0x000002050037aa70: ; ImmutableOopMap {[48]=Oop }
                      ;*invokevirtual allocateInstance {reexecute=0 rethrow=0 return_oop=0}
                      ; - java.lang.invoke.DirectMethodHandle::allocateInstance@12 (line 501)
                      ; - java.lang.invoke.DirectMethodHandle$Holder::newInvokeSpecial@1
  0x000002050037aa70: ec17 7907 

  0x000002050037aa74: ;   {other}
  0x000002050037aa74: 0f1f 8400 | 6404 0000 

  0x000002050037aa7c: ;   {metadata(method data for {method} {0x00000205120b5da8} 'newInvokeSpecial' '(Ljava/lang/Object;)Ljava/lang/Object;' in 'java/lang/invoke/DirectMethodHandle$Holder')}
  0x000002050037aa7c: 48ba 702c | bc54 0502 | 0000 488d | 9230 0100 | 0048 85c0 | 750c f602 | 0175 4ef0 | 4883 0a01 
  0x000002050037aa9c: eb47 448b | 4008 49ba | 0000 0012 | 0502 0000 | 4d03 c24d | 8bd0 4c33 | 0249 f7c0 | fcff ffff 
  0x000002050037aabc: 7427 41f6 | c002 7521 | 48f7 02fe | ffff ff74 | 154d 8bc2 | 4c33 0249 | f7c0 fcff | ffff 7409 
  0x000002050037aadc: 4883 0a02 | eb03 4c89 

  0x000002050037aae4: ;   {metadata(method data for {method} {0x00000205120b5da8} 'newInvokeSpecial' '(Ljava/lang/Object;)Ljava/lang/Object;' in 'java/lang/invoke/DirectMethodHandle$Holder')}
  0x000002050037aae4: 0248 ba70 | 2cbc 5405 | 0200 0048 | 8d92 5001 | 0000 4c8b | 4424 304d | 85c0 750e | f642 0801 
  0x000002050037ab04: 7554 f048 | 834a 0801 | eb4c 418b | 7008 49ba | 0000 0012 | 0502 0000 | 4903 f24c | 8bd6 4833 
  0x000002050037ab24: 7208 48f7 | c6fc ffff | ff74 2b40 | f6c6 0275 | 2548 f742 | 08fe ffff | ff74 1749 | 8bf2 4833 
  0x000002050037ab44: 7208 48f7 | c6fc ffff | ff74 0b48 | 834a 0802 | eb04 4889 

  0x000002050037ab58: ;   {metadata(method data for {method} {0x00000205120b5da8} 'newInvokeSpecial' '(Ljava/lang/Object;)Ljava/lang/Object;' in 'java/lang/invoke/DirectMethodHandle$Holder')}
  0x000002050037ab58: 7208 48ba | 702c bc54 | 0502 0000 | 4883 8240 | 0100 0001 

  0x000002050037ab6c: ;   {metadata(method data for {method} {0x00000205120a30f8} 'constructorMethod' '(Ljava/lang/Object;)Ljava/lang/Object;' in 'java/lang/invoke/DirectMethodHandle')}
  0x000002050037ab6c: 48ba b81f | 3554 0502 | 0000 8bb2 | cc00 0000 | 83c6 0289 | b2cc 0000 | 0081 e6fe | ff1f 0085 
  0x000002050037ab8c: f60f 8461 | 0200 004d | 85c0 7516 

  0x000002050037ab98: ;   {metadata(method data for {method} {0x00000205120a30f8} 'constructorMethod' '(Ljava/lang/Object;)Ljava/lang/Object;' in 'java/lang/invoke/DirectMethodHandle')}
  0x000002050037ab98: 48be b81f | 3554 0502 | 0000 808e | 0901 0000 | 01e9 ce00 

  0x000002050037abac: ;   {metadata('java/lang/invoke/DirectMethodHandle$Constructor')}
  0x000002050037abac: 0000 48bf | 30c1 1412 | 0502 0000 | 418b 5008 | 49ba 0000 | 0012 0502 | 0000 4903 | d248 3bfa 
  0x000002050037abcc: 0f85 8e00 

  0x000002050037abd0: ;   {metadata(method data for {method} {0x00000205120a30f8} 'constructorMethod' '(Ljava/lang/Object;)Ljava/lang/Object;' in 'java/lang/invoke/DirectMethodHandle')}
  0x000002050037abd0: 0000 48be | b81f 3554 | 0502 0000 | 418b 7808 | 49ba 0000 | 0012 0502 | 0000 4903 | fa48 3bbe 
  0x000002050037abf0: 2001 0000 | 750d 4883 | 8628 0100 | 0001 e979 | 0000 0048 | 3bbe 3001 | 0000 750d | 4883 8638 
  0x000002050037ac10: 0100 0001 | e963 0000 | 0048 83be | 2001 0000 | 0075 1748 | 89be 2001 | 0000 48c7 | 8628 0100 
  0x000002050037ac30: 0001 0000 | 00e9 4200 | 0000 4883 | be30 0100 | 0000 7517 | 4889 be30 | 0100 0048 | c786 3801 
  0x000002050037ac50: 0000 0100 | 0000 e921 | 0000 00e9 | 1c00 0000 

  0x000002050037ac60: ;   {metadata(method data for {method} {0x00000205120a30f8} 'constructorMethod' '(Ljava/lang/Object;)Ljava/lang/Object;' in 'java/lang/invoke/DirectMethodHandle')}
  0x000002050037ac60: 48be b81f | 3554 0502 | 0000 4883 | ae10 0100 | 0001 e99e | 0100 00e9 | 0000 0000 | 498b d044 
  0x000002050037ac80: ;   {metadata(method data for {method} {0x00000205120b5da8} 'newInvokeSpecial' '(Ljava/lang/Object;)Ljava/lang/Object;' in 'java/lang/invoke/DirectMethodHandle$Holder')}
  0x000002050037ac80: 8b42 2448 | ba70 2cbc | 5405 0200 | 0048 8d92 | 6001 0000 | 4d85 c075 | 0cf6 0201 | 7547 f048 
  0x000002050037aca0: 830a 01eb 

  0x000002050037aca4: ;   {metadata('java/lang/invoke/MemberName')}
  0x000002050037aca4: 4048 be20 | 2a09 1205 | 0200 004c | 8bd6 4833 | 3248 f7c6 | fcff ffff | 7427 40f6 | c602 7521 
  0x000002050037acc4: 48f7 02fe | ffff ff74 | 1549 8bf2 | 4833 3248 | f7c6 fcff | ffff 7409 | 4883 0a02 | eb03 4889 
  0x000002050037ace4: ;   {metadata(method data for {method} {0x00000205120b5da8} 'newInvokeSpecial' '(Ljava/lang/Object;)Ljava/lang/Object;' in 'java/lang/invoke/DirectMethodHandle$Holder')}
  0x000002050037ace4: 3248 ba70 | 2cbc 5405 | 0200 0048 | 8d92 b801 | 0000 4885 | c075 0ef6 | 4208 0175 | 53f0 4883 
  0x000002050037ad04: 4a08 01eb | 4b8b 7008 | 49ba 0000 | 0012 0502 | 0000 4903 | f24c 8bd6 | 4833 7208 | 48f7 c6fc 
  0x000002050037ad24: ffff ff74 | 2b40 f6c6 | 0275 2548 | f742 08fe | ffff ff74 | 1749 8bf2 | 4833 7208 | 48f7 c6fc 
  0x000002050037ad44: ffff ff74 | 0b48 834a | 0802 eb04 | 4889 7208 | 4d85 c075 | 0cf6 4218 | 0175 06f0 | 4883 4a18 
  0x000002050037ad64: ;   {metadata(method data for {method} {0x00000205120b5da8} 'newInvokeSpecial' '(Ljava/lang/Object;)Ljava/lang/Object;' in 'java/lang/invoke/DirectMethodHandle$Holder')}
  0x000002050037ad64: 0148 ba70 | 2cbc 5405 | 0200 0048 | 8382 a801 | 0000 0148 | 8bd0 4889 

  0x000002050037ad7c: ;   {static_call}
  0x000002050037ad7c: 4424 38e8 

  0x000002050037ad80: ; ImmutableOopMap {[56]=Oop }
                      ;*invokestatic linkToSpecial {reexecute=0 rethrow=0 return_oop=0}
                      ; - java.lang.invoke.DirectMethodHandle$Holder::newInvokeSpecial@15
  0x000002050037ad80: 7ce4 7607 

  0x000002050037ad84: ;   {other}
  0x000002050037ad84: 0f1f 8400 | 7407 0001 | 488b 4424 | 3848 83c4 

  0x000002050037ad94: ;   {poll_return}
  0x000002050037ad94: 505d 493b | a748 0400 | 000f 8780 | 0000 00c3 

  0x000002050037ada4: ;   {metadata({method} {0x00000205120b5da8} 'newInvokeSpecial' '(Ljava/lang/Object;)Ljava/lang/Object;' in 'java/lang/invoke/DirectMethodHandle$Holder')}
  0x000002050037ada4: 49ba a05d | 0b12 0502 | 0000 4c89 | 5424 0848 | c704 24ff 

  0x000002050037adb8: ;   {runtime_call counter_overflow Runtime1 stub}
  0x000002050037adb8: ffff ffe8 

  0x000002050037adbc: ; ImmutableOopMap {rdx=Oop }
                      ;*synchronization entry
                      ; - java.lang.invoke.DirectMethodHandle$Holder::newInvokeSpecial@-1
  0x000002050037adbc: 409c 2c07 | e9e8 faff 

  0x000002050037adc4: ;   {metadata({method} {0x00000205120a2650} 'allocateInstance' '(Ljava/lang/Object;)Ljava/lang/Object;' in 'java/lang/invoke/DirectMethodHandle')}
  0x000002050037adc4: ff49 ba48 | 260a 1205 | 0200 004c | 8954 2408 | 48c7 0424 | ffff ffff 

  0x000002050037addc: ;   {runtime_call counter_overflow Runtime1 stub}
  0x000002050037addc: e81f 9c2c 

  0x000002050037ade0: ; ImmutableOopMap {rdx=Oop }
                      ;*synchronization entry
                      ; - java.lang.invoke.DirectMethodHandle::allocateInstance@-1 (line 500)
                      ; - java.lang.invoke.DirectMethodHandle$Holder::newInvokeSpecial@1
  0x000002050037ade0: 07e9 72fb | ffff 4889 

  0x000002050037ade8: ;   {runtime_call throw_class_cast_exception Runtime1 stub}
  0x000002050037ade8: 1424 e811 

  0x000002050037adec: ; ImmutableOopMap {rdx=Oop }
                      ;*checkcast {reexecute=0 rethrow=0 return_oop=0}
                      ; - java.lang.invoke.DirectMethodHandle::allocateInstance@1 (line 500)
                      ; - java.lang.invoke.DirectMethodHandle$Holder::newInvokeSpecial@1
                      ;   {runtime_call throw_null_pointer_exception Runtime1 stub}
  0x000002050037adec: 6f2c 07e8 

  0x000002050037adf0: ; ImmutableOopMap {rdx=Oop }
                      ;*getfield instanceClass {reexecute=1 rethrow=0 return_oop=0}
                      ; - (reexecute) java.lang.invoke.DirectMethodHandle::allocateInstance@9 (line 501)
                      ; - java.lang.invoke.DirectMethodHandle$Holder::newInvokeSpecial@1
  0x000002050037adf0: 0c4b 2c07 

  0x000002050037adf4: ;   {metadata({method} {0x00000205120a30f8} 'constructorMethod' '(Ljava/lang/Object;)Ljava/lang/Object;' in 'java/lang/invoke/DirectMethodHandle')}
  0x000002050037adf4: 49ba f030 | 0a12 0502 | 0000 4c89 | 5424 0848 | c704 24ff 

  0x000002050037ae08: ;   {runtime_call counter_overflow Runtime1 stub}
  0x000002050037ae08: ffff ffe8 

  0x000002050037ae0c: ; ImmutableOopMap {rax=Oop r8=Oop }
                      ;*synchronization entry
                      ; - java.lang.invoke.DirectMethodHandle::constructorMethod@-1 (line 494)
                      ; - java.lang.invoke.DirectMethodHandle$Holder::newInvokeSpecial@6
  0x000002050037ae0c: f09b 2c07 | e97e fdff | ff4c 8904 

  0x000002050037ae18: ;   {runtime_call throw_class_cast_exception Runtime1 stub}
  0x000002050037ae18: 24e8 e26e 

  0x000002050037ae1c: ; ImmutableOopMap {rax=Oop }
                      ;*checkcast {reexecute=0 rethrow=0 return_oop=0}
                      ; - java.lang.invoke.DirectMethodHandle::constructorMethod@1 (line 494)
                      ; - java.lang.invoke.DirectMethodHandle$Holder::newInvokeSpecial@6
                      ;   {runtime_call throw_null_pointer_exception Runtime1 stub}
  0x000002050037ae1c: 2c07 e8dd 

  0x000002050037ae20: ; ImmutableOopMap {rax=Oop }
                      ;*getfield initMethod {reexecute=1 rethrow=0 return_oop=0}
                      ; - (reexecute) java.lang.invoke.DirectMethodHandle::constructorMethod@6 (line 495)
                      ; - java.lang.invoke.DirectMethodHandle$Holder::newInvokeSpecial@6
                      ;   {internal_word}
  0x000002050037ae20: 4a2c 0749 | ba96 ad37 | 0005 0200 | 004d 8997 | 6004 0000 

  0x000002050037ae34: ;   {runtime_call SafepointBlob}
  0x000002050037ae34: e9c7 a820 | 0749 8b87 | f804 0000 | 49c7 87f8 | 0400 0000 | 0000 0049 | c787 0005 | 0000 0000 
  0x000002050037ae54: 0000 4883 

  0x000002050037ae58: ;   {runtime_call unwind_exception Runtime1 stub}
  0x000002050037ae58: c450 5de9 | a03b 2c07 
[Stub Code]
  0x000002050037ae60: ;   {no_reloc}
  0x000002050037ae60: 48bb 0000 | 0000 0000 

  0x000002050037ae68: ;   {runtime_call nmethod}
  0x000002050037ae68: 0000 e9fb 

  0x000002050037ae6c: ;   {static_stub}
  0x000002050037ae6c: ffff ff48 | bb00 0000 | 0000 0000 

  0x000002050037ae78: ;   {runtime_call nmethod}
  0x000002050037ae78: 00e9 fbff 

  0x000002050037ae7c: ;   {runtime_call handle_exception_from_callee Runtime1 stub}
  0x000002050037ae7c: ffff e87d 

  0x000002050037ae80: ;   {external_word}
  0x000002050037ae80: 682c 0748 | b990 e247 | 59ff 7f00 | 0048 83e4 

  0x000002050037ae90: ;   {runtime_call}
  0x000002050037ae90: f048 b810 | 790a 59ff | 7f00 00ff 

  0x000002050037ae9c: ;   {section_word}
  0x000002050037ae9c: d0f4 49ba | 9eae 3700 | 0502 0000 

  0x000002050037aea8: ;   {runtime_call DeoptimizationBlob}
  0x000002050037aea8: 4152 e9f1 

  0x000002050037aeac: ;   {section_word}
  0x000002050037aeac: 9a20 0749 | baaf ae37 | 0005 0200 

  0x000002050037aeb8: ;   {runtime_call DeoptimizationBlob}
  0x000002050037aeb8: 0041 52e9 | e09a 2007 
[/MachCode]


---------------  P R O C E S S  ---------------

Threads class SMR info:
_java_thread_list=0x00000205532595b0, length=13, elements={
0x000002057bba9920, 0x000002055312d9e0, 0x000002055312ef80, 0x00000205531377c0,
0x000002055313a220, 0x000002055313b5c0, 0x000002055313fe60, 0x0000020553141e80,
0x0000020553145270, 0x000002055327ef60, 0x000002055328beb0, 0x0000020553747aa0,
0x000002055855b8a0
}

Java Threads: ( => current thread )
=>0x000002057bba9920 JavaThread "main"                              [_thread_in_vm, id=20484, stack(0x000000d437100000,0x000000d437200000) (1024K)]
  0x000002055312d9e0 JavaThread "Reference Handler"          daemon [_thread_blocked, id=20228, stack(0x000000d437900000,0x000000d437a00000) (1024K)]
  0x000002055312ef80 JavaThread "Finalizer"                  daemon [_thread_blocked, id=24676, stack(0x000000d437a00000,0x000000d437b00000) (1024K)]
  0x00000205531377c0 JavaThread "Signal Dispatcher"          daemon [_thread_blocked, id=22540, stack(0x000000d437b00000,0x000000d437c00000) (1024K)]
  0x000002055313a220 JavaThread "Attach Listener"            daemon [_thread_blocked, id=23420, stack(0x000000d437c00000,0x000000d437d00000) (1024K)]
  0x000002055313b5c0 JavaThread "Service Thread"             daemon [_thread_blocked, id=1860, stack(0x000000d437d00000,0x000000d437e00000) (1024K)]
  0x000002055313fe60 JavaThread "Monitor Deflation Thread"   daemon [_thread_blocked, id=16400, stack(0x000000d437e00000,0x000000d437f00000) (1024K)]
  0x0000020553141e80 JavaThread "C2 CompilerThread0"         daemon [_thread_in_native, id=20564, stack(0x000000d437f00000,0x000000d438000000) (1024K)]
  0x0000020553145270 JavaThread "C1 CompilerThread0"         daemon [_thread_blocked, id=11824, stack(0x000000d438000000,0x000000d438100000) (1024K)]
  0x000002055327ef60 JavaThread "Notification Thread"        daemon [_thread_blocked, id=9436, stack(0x000000d438100000,0x000000d438200000) (1024K)]
  0x000002055328beb0 JavaThread "Common-Cleaner"             daemon [_thread_blocked, id=17708, stack(0x000000d438200000,0x000000d438300000) (1024K)]
  0x0000020553747aa0 JavaThread "ReaderThread"                      [_thread_in_native, id=16564, stack(0x000000d438400000,0x000000d438500000) (1024K)]
  0x000002055855b8a0 JavaThread "ForkJoinPool.commonPool-worker-1" daemon [_thread_blocked, id=3228, stack(0x000000d438800000,0x000000d438900000) (1024K)]
Total: 13

Other Threads:
  0x000002057bc66080 VMThread "VM Thread"                           [id=9944, stack(0x000000d437800000,0x000000d437900000) (1024K)]
  0x000002055311cc70 WatcherThread "VM Periodic Task Thread"        [id=24812, stack(0x000000d437700000,0x000000d437800000) (1024K)]
  0x000002057bbdef50 WorkerThread "GC Thread#0"                     [id=18576, stack(0x000000d437200000,0x000000d437300000) (1024K)]
  0x0000020553d83d50 WorkerThread "GC Thread#1"                     [id=2176, stack(0x000000d438500000,0x000000d438600000) (1024K)]
  0x0000020553d840f0 WorkerThread "GC Thread#2"                     [id=18024, stack(0x000000d438600000,0x000000d438700000) (1024K)]
  0x0000020553c65700 WorkerThread "GC Thread#3"                     [id=23400, stack(0x000000d438700000,0x000000d438800000) (1024K)]
  0x000002057bbe7b70 ConcurrentGCThread "G1 Main Marker"            [id=15736, stack(0x000000d437300000,0x000000d437400000) (1024K)]
  0x000002057bbe8fd0 WorkerThread "G1 Conc#0"                       [id=4396, stack(0x000000d437400000,0x000000d437500000) (1024K)]
  0x000002057bc48540 ConcurrentGCThread "G1 Refine#0"               [id=21380, stack(0x000000d437500000,0x000000d437600000) (1024K)]
  0x000002057bc49e70 ConcurrentGCThread "G1 Service"                [id=2100, stack(0x000000d437600000,0x000000d437700000) (1024K)]
Total: 10

Threads with active compile tasks:
C2 CompilerThread0  8207 1750       4       java.lang.invoke.MethodType::makeImpl (109 bytes)
Total: 1

VM state: not at safepoint (normal execution)

VM Mutex/Monitor currently owned by a thread:  ([mutex/lock_event])
[0x00007fff59733458] Metaspace_lock - owner thread: 0x000002057bba9920

Heap address: 0x00000000c1e00000, size: 994 MB, Compressed Oops mode: 32-bit

CDS archive(s) mapped at: [0x0000020512000000-0x0000020512c80000-0x0000020512c80000), size 13107200, SharedBaseAddress: 0x0000020512000000, ArchiveRelocationMode: 1.
Compressed class space mapped at: 0x0000020513000000-0x0000020553000000, reserved size: 1073741824
Narrow klass base: 0x0000020512000000, Narrow klass shift: 0, Narrow klass range: 0x100000000

GC Precious Log:
 CardTable entry size: 512
 Card Set container configuration: InlinePtr #cards 5 size 8 Array Of Cards #cards 12 size 40 Howl #buckets 4 coarsen threshold 1843 Howl Bitmap #cards 512 size 80 coarsen threshold 460 Card regions per heap region 1 cards per card region 2048
 CPUs: 4 total, 4 available
 Memory: 3975M
 Large Page Support: Disabled
 NUMA Support: Disabled
 Compressed Oops: Enabled (32-bit)
 Heap Region Size: 1M
 Heap Min Capacity: 8M
 Heap Initial Capacity: 64M
 Heap Max Capacity: 994M
 Pre-touch: Disabled
 Parallel Workers: 4
 Concurrent Workers: 1
 Concurrent Refinement Workers: 4
 Periodic GC: Disabled

Heap:
 garbage-first heap   total 65536K, used 16423K [0x00000000c1e00000, 0x0000000100000000)
  region size 1024K, 13 young (13312K), 2 survivors (2048K)
 Metaspace       used 13169K, committed 13504K, reserved 1114112K
  class space    used 1557K, committed 1728K, reserved 1048576K

Heap Regions: E=young(eden), S=young(survivor), O=old, HS=humongous(starts), HC=humongous(continues), CS=collection set, F=free, TAMS=top-at-mark-start, PB=parsable bottom
|   0|0x00000000c1e00000, 0x00000000c1f00000, 0x00000000c1f00000|100%|HS|  |TAMS 0x00000000c1e00000| PB 0x00000000c1e00000| Complete 
|   1|0x00000000c1f00000, 0x00000000c2000000, 0x00000000c2000000|100%| O|  |TAMS 0x00000000c1f00000| PB 0x00000000c1f00000| Untracked 
|   2|0x00000000c2000000, 0x00000000c2100000, 0x00000000c2100000|100%| O|  |TAMS 0x00000000c2000000| PB 0x00000000c2000000| Untracked 
|   3|0x00000000c2100000, 0x00000000c2200000, 0x00000000c2200000|100%| O|  |TAMS 0x00000000c2100000| PB 0x00000000c2100000| Untracked 
|   4|0x00000000c2200000, 0x00000000c2300000, 0x00000000c2300000|100%| O|  |TAMS 0x00000000c2200000| PB 0x00000000c2200000| Untracked 
|   5|0x00000000c2300000, 0x00000000c23a85b0, 0x00000000c2400000| 65%| O|  |TAMS 0x00000000c2300000| PB 0x00000000c2300000| Untracked 
|   6|0x00000000c2400000, 0x00000000c2400000, 0x00000000c2500000|  0%| F|  |TAMS 0x00000000c2400000| PB 0x00000000c2400000| Untracked 
|   7|0x00000000c2500000, 0x00000000c2500000, 0x00000000c2600000|  0%| F|  |TAMS 0x00000000c2500000| PB 0x00000000c2500000| Untracked 
|   8|0x00000000c2600000, 0x00000000c2600000, 0x00000000c2700000|  0%| F|  |TAMS 0x00000000c2600000| PB 0x00000000c2600000| Untracked 
|   9|0x00000000c2700000, 0x00000000c2700000, 0x00000000c2800000|  0%| F|  |TAMS 0x00000000c2700000| PB 0x00000000c2700000| Untracked 
|  10|0x00000000c2800000, 0x00000000c2800000, 0x00000000c2900000|  0%| F|  |TAMS 0x00000000c2800000| PB 0x00000000c2800000| Untracked 
|  11|0x00000000c2900000, 0x00000000c2900000, 0x00000000c2a00000|  0%| F|  |TAMS 0x00000000c2900000| PB 0x00000000c2900000| Untracked 
|  12|0x00000000c2a00000, 0x00000000c2a00000, 0x00000000c2b00000|  0%| F|  |TAMS 0x00000000c2a00000| PB 0x00000000c2a00000| Untracked 
|  13|0x00000000c2b00000, 0x00000000c2b00000, 0x00000000c2c00000|  0%| F|  |TAMS 0x00000000c2b00000| PB 0x00000000c2b00000| Untracked 
|  14|0x00000000c2c00000, 0x00000000c2c00000, 0x00000000c2d00000|  0%| F|  |TAMS 0x00000000c2c00000| PB 0x00000000c2c00000| Untracked 
|  15|0x00000000c2d00000, 0x00000000c2d00000, 0x00000000c2e00000|  0%| F|  |TAMS 0x00000000c2d00000| PB 0x00000000c2d00000| Untracked 
|  16|0x00000000c2e00000, 0x00000000c2e00000, 0x00000000c2f00000|  0%| F|  |TAMS 0x00000000c2e00000| PB 0x00000000c2e00000| Untracked 
|  17|0x00000000c2f00000, 0x00000000c2f00000, 0x00000000c3000000|  0%| F|  |TAMS 0x00000000c2f00000| PB 0x00000000c2f00000| Untracked 
|  18|0x00000000c3000000, 0x00000000c3000000, 0x00000000c3100000|  0%| F|  |TAMS 0x00000000c3000000| PB 0x00000000c3000000| Untracked 
|  19|0x00000000c3100000, 0x00000000c3100000, 0x00000000c3200000|  0%| F|  |TAMS 0x00000000c3100000| PB 0x00000000c3100000| Untracked 
|  20|0x00000000c3200000, 0x00000000c3200000, 0x00000000c3300000|  0%| F|  |TAMS 0x00000000c3200000| PB 0x00000000c3200000| Untracked 
|  21|0x00000000c3300000, 0x00000000c3300000, 0x00000000c3400000|  0%| F|  |TAMS 0x00000000c3300000| PB 0x00000000c3300000| Untracked 
|  22|0x00000000c3400000, 0x00000000c3400000, 0x00000000c3500000|  0%| F|  |TAMS 0x00000000c3400000| PB 0x00000000c3400000| Untracked 
|  23|0x00000000c3500000, 0x00000000c3500000, 0x00000000c3600000|  0%| F|  |TAMS 0x00000000c3500000| PB 0x00000000c3500000| Untracked 
|  24|0x00000000c3600000, 0x00000000c3600000, 0x00000000c3700000|  0%| F|  |TAMS 0x00000000c3600000| PB 0x00000000c3600000| Untracked 
|  25|0x00000000c3700000, 0x00000000c3700000, 0x00000000c3800000|  0%| F|  |TAMS 0x00000000c3700000| PB 0x00000000c3700000| Untracked 
|  26|0x00000000c3800000, 0x00000000c3800000, 0x00000000c3900000|  0%| F|  |TAMS 0x00000000c3800000| PB 0x00000000c3800000| Untracked 
|  27|0x00000000c3900000, 0x00000000c3900000, 0x00000000c3a00000|  0%| F|  |TAMS 0x00000000c3900000| PB 0x00000000c3900000| Untracked 
|  28|0x00000000c3a00000, 0x00000000c3a00000, 0x00000000c3b00000|  0%| F|  |TAMS 0x00000000c3a00000| PB 0x00000000c3a00000| Untracked 
|  29|0x00000000c3b00000, 0x00000000c3b00000, 0x00000000c3c00000|  0%| F|  |TAMS 0x00000000c3b00000| PB 0x00000000c3b00000| Untracked 
|  30|0x00000000c3c00000, 0x00000000c3c00000, 0x00000000c3d00000|  0%| F|  |TAMS 0x00000000c3c00000| PB 0x00000000c3c00000| Untracked 
|  31|0x00000000c3d00000, 0x00000000c3d00000, 0x00000000c3e00000|  0%| F|  |TAMS 0x00000000c3d00000| PB 0x00000000c3d00000| Untracked 
|  32|0x00000000c3e00000, 0x00000000c3e00000, 0x00000000c3f00000|  0%| F|  |TAMS 0x00000000c3e00000| PB 0x00000000c3e00000| Untracked 
|  33|0x00000000c3f00000, 0x00000000c3f00000, 0x00000000c4000000|  0%| F|  |TAMS 0x00000000c3f00000| PB 0x00000000c3f00000| Untracked 
|  34|0x00000000c4000000, 0x00000000c4000000, 0x00000000c4100000|  0%| F|  |TAMS 0x00000000c4000000| PB 0x00000000c4000000| Untracked 
|  35|0x00000000c4100000, 0x00000000c4100000, 0x00000000c4200000|  0%| F|  |TAMS 0x00000000c4100000| PB 0x00000000c4100000| Untracked 
|  36|0x00000000c4200000, 0x00000000c4200000, 0x00000000c4300000|  0%| F|  |TAMS 0x00000000c4200000| PB 0x00000000c4200000| Untracked 
|  37|0x00000000c4300000, 0x00000000c4300000, 0x00000000c4400000|  0%| F|  |TAMS 0x00000000c4300000| PB 0x00000000c4300000| Untracked 
|  38|0x00000000c4400000, 0x00000000c4400000, 0x00000000c4500000|  0%| F|  |TAMS 0x00000000c4400000| PB 0x00000000c4400000| Untracked 
|  39|0x00000000c4500000, 0x00000000c4500000, 0x00000000c4600000|  0%| F|  |TAMS 0x00000000c4500000| PB 0x00000000c4500000| Untracked 
|  40|0x00000000c4600000, 0x00000000c4600000, 0x00000000c4700000|  0%| F|  |TAMS 0x00000000c4600000| PB 0x00000000c4600000| Untracked 
|  41|0x00000000c4700000, 0x00000000c4700000, 0x00000000c4800000|  0%| F|  |TAMS 0x00000000c4700000| PB 0x00000000c4700000| Untracked 
|  42|0x00000000c4800000, 0x00000000c4800000, 0x00000000c4900000|  0%| F|  |TAMS 0x00000000c4800000| PB 0x00000000c4800000| Untracked 
|  43|0x00000000c4900000, 0x00000000c4900000, 0x00000000c4a00000|  0%| F|  |TAMS 0x00000000c4900000| PB 0x00000000c4900000| Untracked 
|  44|0x00000000c4a00000, 0x00000000c4a00000, 0x00000000c4b00000|  0%| F|  |TAMS 0x00000000c4a00000| PB 0x00000000c4a00000| Untracked 
|  45|0x00000000c4b00000, 0x00000000c4b00000, 0x00000000c4c00000|  0%| F|  |TAMS 0x00000000c4b00000| PB 0x00000000c4b00000| Untracked 
|  46|0x00000000c4c00000, 0x00000000c4c61800, 0x00000000c4d00000| 38%| S|CS|TAMS 0x00000000c4c00000| PB 0x00000000c4c00000| Complete 
|  47|0x00000000c4d00000, 0x00000000c4e00000, 0x00000000c4e00000|100%| S|CS|TAMS 0x00000000c4d00000| PB 0x00000000c4d00000| Complete 
|  48|0x00000000c4e00000, 0x00000000c4e00000, 0x00000000c4f00000|  0%| F|  |TAMS 0x00000000c4e00000| PB 0x00000000c4e00000| Untracked 
|  49|0x00000000c4f00000, 0x00000000c4f00000, 0x00000000c5000000|  0%| F|  |TAMS 0x00000000c4f00000| PB 0x00000000c4f00000| Untracked 
|  50|0x00000000c5000000, 0x00000000c5000000, 0x00000000c5100000|  0%| F|  |TAMS 0x00000000c5000000| PB 0x00000000c5000000| Untracked 
|  51|0x00000000c5100000, 0x00000000c5100000, 0x00000000c5200000|  0%| F|  |TAMS 0x00000000c5100000| PB 0x00000000c5100000| Untracked 
|  52|0x00000000c5200000, 0x00000000c5200000, 0x00000000c5300000|  0%| F|  |TAMS 0x00000000c5200000| PB 0x00000000c5200000| Untracked 
|  53|0x00000000c5300000, 0x00000000c5400000, 0x00000000c5400000|100%| E|  |TAMS 0x00000000c5300000| PB 0x00000000c5300000| Complete 
|  54|0x00000000c5400000, 0x00000000c5500000, 0x00000000c5500000|100%| E|CS|TAMS 0x00000000c5400000| PB 0x00000000c5400000| Complete 
|  55|0x00000000c5500000, 0x00000000c5600000, 0x00000000c5600000|100%| E|CS|TAMS 0x00000000c5500000| PB 0x00000000c5500000| Complete 
|  56|0x00000000c5600000, 0x00000000c5700000, 0x00000000c5700000|100%| E|CS|TAMS 0x00000000c5600000| PB 0x00000000c5600000| Complete 
|  57|0x00000000c5700000, 0x00000000c5800000, 0x00000000c5800000|100%| E|CS|TAMS 0x00000000c5700000| PB 0x00000000c5700000| Complete 
|  58|0x00000000c5800000, 0x00000000c5900000, 0x00000000c5900000|100%| E|CS|TAMS 0x00000000c5800000| PB 0x00000000c5800000| Complete 
|  59|0x00000000c5900000, 0x00000000c5a00000, 0x00000000c5a00000|100%| E|  |TAMS 0x00000000c5900000| PB 0x00000000c5900000| Complete 
|  60|0x00000000c5a00000, 0x00000000c5b00000, 0x00000000c5b00000|100%| E|CS|TAMS 0x00000000c5a00000| PB 0x00000000c5a00000| Complete 
|  61|0x00000000c5b00000, 0x00000000c5c00000, 0x00000000c5c00000|100%| E|CS|TAMS 0x00000000c5b00000| PB 0x00000000c5b00000| Complete 
|  62|0x00000000c5c00000, 0x00000000c5d00000, 0x00000000c5d00000|100%| E|CS|TAMS 0x00000000c5c00000| PB 0x00000000c5c00000| Complete 
|  63|0x00000000c5d00000, 0x00000000c5e00000, 0x00000000c5e00000|100%| E|CS|TAMS 0x00000000c5d00000| PB 0x00000000c5d00000| Complete 

Card table byte_map: [0x000002057f750000,0x000002057f950000] _byte_map_base: 0x000002057f141000

Marking Bits: (CMBitMap*) 0x000002057bbdf650
 Bits: [0x000002050f000000, 0x000002050ff88000)

Polling page: 0x0000020579aa0000

Metaspace:

Usage:
  Non-class:     11.34 MB used.
      Class:      1.52 MB used.
       Both:     12.86 MB used.

Virtual space:
  Non-class space:       64.00 MB reserved,      11.50 MB ( 18%) committed,  1 nodes.
      Class space:        1.00 GB reserved,       1.69 MB ( <1%) committed,  1 nodes.
             Both:        1.06 GB reserved,      13.19 MB (  1%) committed. 

Chunk freelists:
   Non-Class:  4.42 MB
       Class:  14.23 MB
        Both:  18.65 MB

MaxMetaspaceSize: unlimited
CompressedClassSpaceSize: 1.00 GB
Initial GC threshold: 21.00 MB
Current GC threshold: 21.00 MB
CDS: on
 - commit_granule_bytes: 65536.
 - commit_granule_words: 8192.
 - virtual_space_node_default_size: 8388608.
 - enlarge_chunks_in_place: 1.
 - use_allocation_guard: 0.


Internal statistics:

num_allocs_failed_limit: 0.
num_arena_births: 440.
num_arena_deaths: 0.
num_vsnodes_births: 2.
num_vsnodes_deaths: 0.
num_space_committed: 211.
num_space_uncommitted: 0.
num_chunks_returned_to_freelist: 0.
num_chunks_taken_from_freelist: 773.
num_chunk_merges: 0.
num_chunk_splits: 461.
num_chunks_enlarged: 242.
num_inconsistent_stats: 0.

CodeHeap 'non-profiled nmethods': size=120000Kb used=645Kb max_used=645Kb free=119354Kb
 bounds [0x0000020507ad0000, 0x0000020507d40000, 0x000002050f000000]
CodeHeap 'profiled nmethods': size=120000Kb used=3740Kb max_used=3740Kb free=116259Kb
 bounds [0x0000020500000000, 0x00000205003b0000, 0x0000020507530000]
CodeHeap 'non-nmethods': size=5760Kb used=1471Kb max_used=1471Kb free=4288Kb
 bounds [0x0000020507530000, 0x00000205077a0000, 0x0000020507ad0000]
CodeCache: size=245760Kb, used=5856Kb, max_used=5856Kb, free=239901Kb
 total_blobs=2549, nmethods=1999, adapters=454, full_count=0
Compilation: enabled, stopped_count=0, restarted_count=0

Compilation events (20 events):
Event: 8.003 Thread 0x0000020553145270 2001   !   2       java.util.Collections$SynchronizedMap::get (25 bytes)
Event: 8.004 Thread 0x0000020553145270 nmethod 2001 0x00000205003a1810 code [0x00000205003a19c0, 0x00000205003a1bf0]
Event: 8.006 Thread 0x0000020553145270 2002       2       java.lang.invoke.InfoFromMemberName::getDeclaringClass (8 bytes)
Event: 8.006 Thread 0x0000020553145270 nmethod 2002 0x00000205003a1d10 code [0x00000205003a1ea0, 0x00000205003a1fb0]
Event: 8.010 Thread 0x0000020553145270 2003       2       java.lang.invoke.VarHandleGuards::guard_LII_V (135 bytes)
Event: 8.013 Thread 0x0000020553145270 nmethod 2003 0x00000205003a2090 code [0x00000205003a23c0, 0x00000205003a3340]
Event: 8.013 Thread 0x0000020553145270 2004       2       java.lang.invoke.VarHandleByteArrayAsInts$ArrayHandle::set (39 bytes)
Event: 8.014 Thread 0x0000020553145270 nmethod 2004 0x00000205003a3c10 code [0x00000205003a3dc0, 0x00000205003a3fa0]
Event: 8.015 Thread 0x0000020553145270 2006       2       java.nio.HeapByteBuffer::getInt (29 bytes)
Event: 8.016 Thread 0x0000020553145270 nmethod 2006 0x00000205003a4110 code [0x00000205003a4320, 0x00000205003a46e0]
Event: 8.016 Thread 0x0000020553145270 2007   !   2       jdk.internal.misc.ScopedMemoryAccess::getIntUnaligned (18 bytes)
Event: 8.017 Thread 0x0000020553145270 nmethod 2007 0x00000205003a4990 code [0x00000205003a4b60, 0x00000205003a4d88]
Event: 8.051 Thread 0x0000020553145270 2008       2       sun.security.jca.GetInstance::getInstance (28 bytes)
Event: 8.051 Thread 0x0000020553145270 nmethod 2008 0x00000205003a4f90 code [0x00000205003a5160, 0x00000205003a5400]
Event: 8.051 Thread 0x0000020553145270 2009       2       sun.security.jca.GetInstance::checkSuperClass (68 bytes)
Event: 8.052 Thread 0x0000020553145270 nmethod 2009 0x00000205003a5510 code [0x00000205003a5760, 0x00000205003a5bf0]
Event: 8.052 Thread 0x0000020553145270 2010   !   2       sun.security.jca.GetInstance::getInstance (130 bytes)
Event: 8.054 Thread 0x0000020553145270 nmethod 2010 0x00000205003a5e90 code [0x00000205003a6140, 0x00000205003a68e0]
Event: 8.055 Thread 0x0000020553145270 2011       2       jdk.internal.jimage.ImageBufferCache::getCapacity (21 bytes)
Event: 8.055 Thread 0x0000020553145270 nmethod 2011 0x00000205003a6e10 code [0x00000205003a6fc0, 0x00000205003a7130]

GC Heap History (4 events):
Event: 2.299 GC heap before
{Heap before GC invocations=0 (full 0):
 garbage-first heap   total 65536K, used 14336K [0x00000000c1e00000, 0x0000000100000000)
  region size 1024K, 13 young (13312K), 0 survivors (0K)
 Metaspace       used 5292K, committed 5440K, reserved 1114112K
  class space    used 563K, committed 640K, reserved 1048576K
}
Event: 2.322 GC heap after
{Heap after GC invocations=1 (full 0):
 garbage-first heap   total 65536K, used 5765K [0x00000000c1e00000, 0x0000000100000000)
  region size 1024K, 2 young (2048K), 2 survivors (2048K)
 Metaspace       used 5292K, committed 5440K, reserved 1114112K
  class space    used 563K, committed 640K, reserved 1048576K
}
Event: 7.605 GC heap before
{Heap before GC invocations=1 (full 0):
 garbage-first heap   total 65536K, used 19077K [0x00000000c1e00000, 0x0000000100000000)
  region size 1024K, 16 young (16384K), 2 survivors (2048K)
 Metaspace       used 9696K, committed 10048K, reserved 1114112K
  class space    used 1190K, committed 1344K, reserved 1048576K
}
Event: 7.612 GC heap after
{Heap after GC invocations=2 (full 0):
 garbage-first heap   total 65536K, used 7207K [0x00000000c1e00000, 0x0000000100000000)
  region size 1024K, 2 young (2048K), 2 survivors (2048K)
 Metaspace       used 9696K, committed 10048K, reserved 1114112K
  class space    used 1190K, committed 1344K, reserved 1048576K
}

Dll operation events (10 events):
Event: 0.021 Loaded shared library C:\Users\Shilpa\Desktop\Selenium_Works\Eclipse\eclipse\plugins\org.eclipse.justj.openjdk.hotspot.jre.full.win32.x86_64_21.0.8.v20250724-1412\jre\bin\java.dll
Event: 0.213 Loaded shared library C:\Users\Shilpa\Desktop\Selenium_Works\Eclipse\eclipse\plugins\org.eclipse.justj.openjdk.hotspot.jre.full.win32.x86_64_21.0.8.v20250724-1412\jre\bin\zip.dll
Event: 0.375 Loaded shared library C:\Users\Shilpa\Desktop\Selenium_Works\Eclipse\eclipse\plugins\org.eclipse.justj.openjdk.hotspot.jre.full.win32.x86_64_21.0.8.v20250724-1412\jre\bin\net.dll
Event: 0.380 Loaded shared library C:\Users\Shilpa\Desktop\Selenium_Works\Eclipse\eclipse\plugins\org.eclipse.justj.openjdk.hotspot.jre.full.win32.x86_64_21.0.8.v20250724-1412\jre\bin\nio.dll
Event: 0.391 Loaded shared library C:\Users\Shilpa\Desktop\Selenium_Works\Eclipse\eclipse\plugins\org.eclipse.justj.openjdk.hotspot.jre.full.win32.x86_64_21.0.8.v20250724-1412\jre\bin\zip.dll
Event: 0.843 Loaded shared library C:\Users\Shilpa\Desktop\Selenium_Works\Eclipse\eclipse\plugins\org.eclipse.justj.openjdk.hotspot.jre.full.win32.x86_64_21.0.8.v20250724-1412\jre\bin\jimage.dll
Event: 1.319 Loaded shared library C:\Users\Shilpa\Desktop\Selenium_Works\Eclipse\eclipse\plugins\org.eclipse.justj.openjdk.hotspot.jre.full.win32.x86_64_21.0.8.v20250724-1412\jre\bin\extnet.dll
Event: 4.986 Loaded shared library C:\Users\Shilpa\Desktop\Selenium_Works\Eclipse\eclipse\plugins\org.eclipse.justj.openjdk.hotspot.jre.full.win32.x86_64_21.0.8.v20250724-1412\jre\bin\management.dll
Event: 5.022 Loaded shared library C:\Users\Shilpa\Desktop\Selenium_Works\Eclipse\eclipse\plugins\org.eclipse.justj.openjdk.hotspot.jre.full.win32.x86_64_21.0.8.v20250724-1412\jre\bin\management_ext.dll
Event: 7.687 Loaded shared library C:\Users\Shilpa\Desktop\Selenium_Works\Eclipse\eclipse\plugins\org.eclipse.justj.openjdk.hotspot.jre.full.win32.x86_64_21.0.8.v20250724-1412\jre\bin\sunmscapi.dll

Deoptimization events (20 events):
Event: 7.700 Thread 0x000002057bba9920 Uncommon trap: trap_request=0xffffffc6 fr.pc=0x0000020507b62618 relative=0x00000000000008d8
Event: 7.700 Thread 0x000002057bba9920 Uncommon trap: reason=bimorphic_or_optimized_type_check action=maybe_recompile pc=0x0000020507b62618 method=java.util.HashMap.putVal(ILjava/lang/Object;Ljava/lang/Object;ZZ)Ljava/lang/Object; @ 203 c2
Event: 7.700 Thread 0x000002057bba9920 DEOPT PACKING pc=0x0000020507b62618 sp=0x000000d4371fc8f0
Event: 7.700 Thread 0x000002057bba9920 DEOPT UNPACKING pc=0x00000205075846a2 sp=0x000000d4371fc880 mode 2
Event: 7.700 Thread 0x000002057bba9920 Uncommon trap: trap_request=0xffffffc6 fr.pc=0x0000020507b62618 relative=0x00000000000008d8
Event: 7.700 Thread 0x000002057bba9920 Uncommon trap: reason=bimorphic_or_optimized_type_check action=maybe_recompile pc=0x0000020507b62618 method=java.util.HashMap.putVal(ILjava/lang/Object;Ljava/lang/Object;ZZ)Ljava/lang/Object; @ 203 c2
Event: 7.700 Thread 0x000002057bba9920 DEOPT PACKING pc=0x0000020507b62618 sp=0x000000d4371fc8f0
Event: 7.700 Thread 0x000002057bba9920 DEOPT UNPACKING pc=0x00000205075846a2 sp=0x000000d4371fc880 mode 2
Event: 7.702 Thread 0x000002057bba9920 Uncommon trap: trap_request=0xffffffc6 fr.pc=0x0000020507b62618 relative=0x00000000000008d8
Event: 7.702 Thread 0x000002057bba9920 Uncommon trap: reason=bimorphic_or_optimized_type_check action=maybe_recompile pc=0x0000020507b62618 method=java.util.HashMap.putVal(ILjava/lang/Object;Ljava/lang/Object;ZZ)Ljava/lang/Object; @ 203 c2
Event: 7.702 Thread 0x000002057bba9920 DEOPT PACKING pc=0x0000020507b62618 sp=0x000000d4371fc8f0
Event: 7.703 Thread 0x000002057bba9920 DEOPT UNPACKING pc=0x00000205075846a2 sp=0x000000d4371fc880 mode 2
Event: 7.719 Thread 0x000002057bba9920 Uncommon trap: trap_request=0xffffffde fr.pc=0x0000020507b54c94 relative=0x0000000000000334
Event: 7.719 Thread 0x000002057bba9920 Uncommon trap: reason=class_check action=maybe_recompile pc=0x0000020507b54c94 method=java.util.regex.Pattern$BmpCharPropertyGreedy.match(Ljava/util/regex/Matcher;ILjava/lang/CharSequence;)Z @ 26 c2
Event: 7.719 Thread 0x000002057bba9920 DEOPT PACKING pc=0x0000020507b54c94 sp=0x000000d4371fb490
Event: 7.719 Thread 0x000002057bba9920 DEOPT UNPACKING pc=0x00000205075846a2 sp=0x000000d4371fb448 mode 2
Event: 7.857 Thread 0x000002057bba9920 Uncommon trap: trap_request=0xffffff45 fr.pc=0x0000020507ad8d34 relative=0x0000000000000194
Event: 7.857 Thread 0x000002057bba9920 Uncommon trap: reason=unstable_if action=reinterpret pc=0x0000020507ad8d34 method=jdk.internal.util.ArraysSupport.vectorizedHashCode(Ljava/lang/Object;IIII)I @ 2 c2
Event: 7.857 Thread 0x000002057bba9920 DEOPT PACKING pc=0x0000020507ad8d34 sp=0x000000d4371fb780
Event: 7.857 Thread 0x000002057bba9920 DEOPT UNPACKING pc=0x00000205075846a2 sp=0x000000d4371fb730 mode 2

Classes loaded (20 events):
Event: 8.046 Loading class sun/security/ssl/KeyUpdate$KeyUpdateProducer
Event: 8.047 Loading class sun/security/ssl/KeyUpdate$KeyUpdateProducer done
Event: 8.047 Loading class sun/security/ssl/SSLCipher$SSLWriteCipher
Event: 8.047 Loading class sun/security/ssl/SSLCipher$SSLWriteCipher done
Event: 8.047 Loading class sun/security/ssl/SSLCipher$NullWriteCipherGenerator$NullWriteCipher
Event: 8.047 Loading class sun/security/ssl/SSLCipher$NullWriteCipherGenerator$NullWriteCipher done
Event: 8.047 Loading class sun/security/ssl/SSLConfiguration
Event: 8.048 Loading class sun/security/ssl/SSLConfiguration done
Event: 8.048 Loading class javax/crypto/KeyGenerator
Event: 8.048 Loading class javax/crypto/KeyGenerator done
Event: 8.049 Loading class com/sun/crypto/provider/TlsMasterSecretGenerator
Event: 8.049 Loading class javax/crypto/KeyGeneratorSpi
Event: 8.049 Loading class javax/crypto/KeyGeneratorSpi done
Event: 8.049 Loading class com/sun/crypto/provider/TlsMasterSecretGenerator done
Event: 8.049 Loading class sun/security/ssl/ClientAuthType
Event: 8.049 Loading class sun/security/ssl/ClientAuthType done
Event: 8.050 Loading class sun/security/ssl/SSLConfiguration$CustomizedClientSignatureSchemes
Event: 8.050 Loading class sun/security/ssl/SSLConfiguration$CustomizedClientSignatureSchemes done
Event: 8.050 Loading class sun/security/ssl/NamedGroup$SupportedGroups
Event: 8.050 Loading class sun/security/ssl/NamedGroup$SupportedGroups done

Classes unloaded (0 events):
No events

Classes redefined (0 events):
No events

Internal exceptions (20 events):
Event: 7.479 Thread 0x000002057bba9920 Exception <a 'java/lang/NoSuchMethodError'{0x00000000c52936e8}: 'java.lang.Object java.lang.invoke.DirectMethodHandle$Holder.invokeVirtual(java.lang.Object, java.lang.Object, java.lang.Object)'> (0x00000000c52936e8) 
thrown [s\src\hotspot\share\interpreter\linkResolver.cpp, line 773]
Event: 7.598 Thread 0x000002057bba9920 Exception <a 'java/lang/NoSuchMethodError'{0x00000000c4ed5b48}: 'java.lang.Object java.lang.invoke.DirectMethodHandle$Holder.invokeStatic(java.lang.Object, java.lang.Object, int)'> (0x00000000c4ed5b48) 
thrown [s\src\hotspot\share\interpreter\linkResolver.cpp, line 773]
Event: 7.598 Thread 0x000002057bba9920 Exception <a 'java/lang/NoSuchMethodError'{0x00000000c4ed91d8}: 'java.lang.Object java.lang.invoke.DirectMethodHandle$Holder.invokeStaticInit(java.lang.Object, java.lang.Object, int)'> (0x00000000c4ed91d8) 
thrown [s\src\hotspot\share\interpreter\linkResolver.cpp, line 773]
Event: 7.599 Thread 0x000002057bba9920 Exception <a 'java/lang/NoSuchMethodError'{0x00000000c4edeb80}: 'java.lang.Object java.lang.invoke.DirectMethodHandle$Holder.newInvokeSpecial(java.lang.Object, java.lang.Object, int)'> (0x00000000c4edeb80) 
thrown [s\src\hotspot\share\interpreter\linkResolver.cpp, line 773]
Event: 7.603 Thread 0x000002057bba9920 Exception <a 'java/lang/NoSuchMethodError'{0x00000000c4ef3e88}: 'int java.lang.invoke.DirectMethodHandle$Holder.invokeSpecialIFC(java.lang.Object, java.lang.Object, java.lang.Object)'> (0x00000000c4ef3e88) 
thrown [s\src\hotspot\share\interpreter\linkResolver.cpp, line 773]
Event: 7.631 Thread 0x000002057bba9920 Exception <a 'java/lang/NoSuchMethodError'{0x00000000c5d22728}: 'java.lang.Object java.lang.invoke.DirectMethodHandle$Holder.invokeStaticInit(java.lang.Object, java.lang.Object, java.lang.Object, java.lang.Object, java.lang.Object, java.lang.Object, java.lang.Object)'> (0x00000000c5d22728) 
thrown [s\src\hotspot\share\interpreter\linkResolver.cpp, line 773]
Event: 7.631 Thread 0x000002057bba9920 Exception <a 'java/lang/NoSuchMethodError'{0x00000000c5d27120}: 'java.lang.Object java.lang.invoke.Invokers$Holder.invoke_MT(java.lang.Object, java.lang.Object, java.lang.Object, java.lang.Object, java.lang.Object, java.lang.Object, java.lang.Object, java.lang.Object, java.lang.Object, java.lang.Object)'> (0x00000000c5d27120) 
thrown [s\src\hotspot\share\interpreter\linkResolver.cpp, line 773]
Event: 7.635 Thread 0x000002057bba9920 Exception <a 'java/lang/NoSuchMethodError'{0x00000000c5d8d740}: 'void java.lang.invoke.DelegatingMethodHandle$Holder.delegate(java.lang.Object, java.lang.Object, int, java.lang.Object)'> (0x00000000c5d8d740) 
thrown [s\src\hotspot\share\interpreter\linkResolver.cpp, line 773]
Event: 7.639 Thread 0x000002057bba9920 Exception <a 'java/lang/NoSuchMethodError'{0x00000000c5daaf88}: 'int java.lang.invoke.DirectMethodHandle$Holder.invokeVirtual(java.lang.Object, java.lang.Object, java.lang.Object)'> (0x00000000c5daaf88) 
thrown [s\src\hotspot\share\interpreter\linkResolver.cpp, line 773]
Event: 7.640 Thread 0x000002057bba9920 Exception <a 'java/lang/NoSuchMethodError'{0x00000000c5daf568}: 'int java.lang.invoke.DirectMethodHandle$Holder.invokeStaticInit(java.lang.Object, int, int)'> (0x00000000c5daf568) 
thrown [s\src\hotspot\share\interpreter\linkResolver.cpp, line 773]
Event: 7.641 Thread 0x000002057bba9920 Exception <a 'java/lang/NoSuchMethodError'{0x00000000c5db6d10}: 'int java.lang.invoke.DirectMethodHandle$Holder.invokeStaticInit(java.lang.Object, long, long)'> (0x00000000c5db6d10) 
thrown [s\src\hotspot\share\interpreter\linkResolver.cpp, line 773]
Event: 7.641 Thread 0x000002057bba9920 Exception <a 'java/lang/NoSuchMethodError'{0x00000000c5dbda58}: 'int java.lang.invoke.DirectMethodHandle$Holder.invokeStaticInit(java.lang.Object, float, float)'> (0x00000000c5dbda58) 
thrown [s\src\hotspot\share\interpreter\linkResolver.cpp, line 773]
Event: 7.642 Thread 0x000002057bba9920 Exception <a 'java/lang/NoSuchMethodError'{0x00000000c5dc4798}: 'int java.lang.invoke.DirectMethodHandle$Holder.invokeStaticInit(java.lang.Object, double, double)'> (0x00000000c5dc4798) 
thrown [s\src\hotspot\share\interpreter\linkResolver.cpp, line 773]
Event: 7.642 Thread 0x000002057bba9920 Exception <a 'java/lang/NoSuchMethodError'{0x00000000c5dc8fe8}: 'int java.lang.invoke.DirectMethodHandle$Holder.invokeStatic(java.lang.Object, long)'> (0x00000000c5dc8fe8) 
thrown [s\src\hotspot\share\interpreter\linkResolver.cpp, line 773]
Event: 7.646 Thread 0x000002057bba9920 Exception <a 'java/lang/NoSuchMethodError'{0x00000000c5ddd520}: 'int java.lang.invoke.DirectMethodHandle$Holder.invokeSpecial(java.lang.Object, java.lang.Object, java.lang.Object, java.lang.Object)'> (0x00000000c5ddd520) 
thrown [s\src\hotspot\share\interpreter\linkResolver.cpp, line 773]
Event: 7.649 Thread 0x000002057bba9920 Exception <a 'java/lang/NoSuchMethodError'{0x00000000c5dee710}: 'java.lang.Object java.lang.invoke.DirectMethodHandle$Holder.invokeSpecial(java.lang.Object, java.lang.Object, int, java.lang.Object, java.lang.Object)'> (0x00000000c5dee710) 
thrown [s\src\hotspot\share\interpreter\linkResolver.cpp, line 773]
Event: 7.649 Thread 0x000002057bba9920 Exception <a 'java/lang/NoSuchMethodError'{0x00000000c5df2160}: 'java.lang.Object java.lang.invoke.DelegatingMethodHandle$Holder.delegate(java.lang.Object, int, java.lang.Object, java.lang.Object)'> (0x00000000c5df2160) 
thrown [s\src\hotspot\share\interpreter\linkResolver.cpp, line 773]
Event: 7.651 Thread 0x000002057bba9920 Exception <a 'java/lang/NoSuchMethodError'{0x00000000c5c018b0}: 'int java.lang.invoke.Invokers$Holder.linkToTargetMethod(java.lang.Object, java.lang.Object, java.lang.Object)'> (0x00000000c5c018b0) 
thrown [s\src\hotspot\share\interpreter\linkResolver.cpp, line 773]
Event: 7.658 Thread 0x000002057bba9920 Exception <a 'java/lang/NoSuchMethodError'{0x00000000c5c33518}: 'long java.lang.invoke.DirectMethodHandle$Holder.invokeSpecial(java.lang.Object, java.lang.Object)'> (0x00000000c5c33518) 
thrown [s\src\hotspot\share\interpreter\linkResolver.cpp, line 773]
Event: 7.744 Thread 0x000002057bba9920 Exception <a 'sun/nio/fs/WindowsException'{0x00000000c5b8d700}> (0x00000000c5b8d700) 
thrown [s\src\hotspot\share\prims\jni.cpp, line 520]

ZGC Phase Switch (0 events):
No events

VM Operations (20 events):
Event: 4.045 Executing VM operation: HandshakeAllThreads (Deoptimize)
Event: 4.045 Executing VM operation: HandshakeAllThreads (Deoptimize) done
Event: 4.598 Executing VM operation: HandshakeAllThreads (Deoptimize)
Event: 4.598 Executing VM operation: HandshakeAllThreads (Deoptimize) done
Event: 4.598 Executing VM operation: Cleanup
Event: 4.598 Executing VM operation: Cleanup done
Event: 5.438 Executing VM operation: HandshakeAllThreads (Deoptimize)
Event: 5.438 Executing VM operation: HandshakeAllThreads (Deoptimize) done
Event: 6.450 Executing VM operation: Cleanup
Event: 6.450 Executing VM operation: Cleanup done
Event: 7.605 Executing VM operation: G1CollectForAllocation (G1 Evacuation Pause)
Event: 7.612 Executing VM operation: G1CollectForAllocation (G1 Evacuation Pause) done
Event: 7.633 Executing VM operation: HandshakeAllThreads (Deoptimize)
Event: 7.633 Executing VM operation: HandshakeAllThreads (Deoptimize) done
Event: 7.696 Executing VM operation: HandshakeAllThreads (Deoptimize)
Event: 7.696 Executing VM operation: HandshakeAllThreads (Deoptimize) done
Event: 7.747 Executing VM operation: HandshakeAllThreads (Deoptimize)
Event: 7.747 Executing VM operation: HandshakeAllThreads (Deoptimize) done
Event: 7.841 Executing VM operation: HandshakeAllThreads (Deoptimize)
Event: 7.841 Executing VM operation: HandshakeAllThreads (Deoptimize) done

Memory protections (0 events):
No events

Nmethod flushes (0 events):
No events

Events (15 events):
Event: 0.113 Thread 0x000002057bba9920 Thread added: 0x000002057bba9920
Event: 0.219 Thread 0x000002057bba9920 Thread added: 0x000002055312d9e0
Event: 0.219 Thread 0x000002057bba9920 Thread added: 0x000002055312ef80
Event: 0.221 Thread 0x000002057bba9920 Thread added: 0x00000205531377c0
Event: 0.221 Thread 0x000002057bba9920 Thread added: 0x000002055313a220
Event: 0.222 Thread 0x000002057bba9920 Thread added: 0x000002055313b5c0
Event: 0.222 Thread 0x000002057bba9920 Thread added: 0x000002055313fe60
Event: 0.223 Thread 0x000002057bba9920 Thread added: 0x0000020553141e80
Event: 0.224 Thread 0x000002057bba9920 Thread added: 0x0000020553145270
Event: 0.364 Thread 0x000002057bba9920 Thread added: 0x000002055327ef60
Event: 0.368 Thread 0x000002057bba9920 Thread added: 0x000002055328beb0
Event: 1.366 Thread 0x000002057bba9920 Thread added: 0x0000020553747aa0
Event: 5.648 Thread 0x000002057bba9920 Thread added: 0x000002055383fb40
Event: 7.429 Thread 0x000002055383fb40 Thread exited: 0x000002055383fb40
Event: 7.557 Thread 0x000002057bba9920 Thread added: 0x000002055855b8a0


Dynamic libraries:
0x00007ff6bf2f0000 - 0x00007ff6bf2fe000 	C:\Users\Shilpa\Desktop\Selenium_Works\Eclipse\eclipse\plugins\org.eclipse.justj.openjdk.hotspot.jre.full.win32.x86_64_21.0.8.v20250724-1412\jre\bin\javaw.exe
0x00007fffcd150000 - 0x00007fffcd348000 	C:\Windows\SYSTEM32\ntdll.dll
0x00007fffccc90000 - 0x00007fffccd52000 	C:\Windows\System32\KERNEL32.DLL
0x00007fffcaaf0000 - 0x00007fffcade6000 	C:\Windows\System32\KERNELBASE.dll
0x00007fffcb070000 - 0x00007fffcb170000 	C:\Windows\System32\ucrtbase.dll
0x00007fffc5e80000 - 0x00007fffc5e98000 	C:\Users\Shilpa\Desktop\Selenium_Works\Eclipse\eclipse\plugins\org.eclipse.justj.openjdk.hotspot.jre.full.win32.x86_64_21.0.8.v20250724-1412\jre\bin\jli.dll
0x00007fffccae0000 - 0x00007fffccc81000 	C:\Windows\System32\USER32.dll
0x00007fffcaf10000 - 0x00007fffcaf32000 	C:\Windows\System32\win32u.dll
0x00007fffc5b00000 - 0x00007fffc5b1e000 	C:\Users\Shilpa\Desktop\Selenium_Works\Eclipse\eclipse\plugins\org.eclipse.justj.openjdk.hotspot.jre.full.win32.x86_64_21.0.8.v20250724-1412\jre\bin\VCRUNTIME140.dll
0x00007fffcb330000 - 0x00007fffcb35b000 	C:\Windows\System32\GDI32.dll
0x00007fffcadf0000 - 0x00007fffcaf09000 	C:\Windows\System32\gdi32full.dll
0x00007fffb0db0000 - 0x00007fffb104b000 	C:\Windows\WinSxS\amd64_microsoft.windows.common-controls_6595b64144ccf1df_6.0.19041.6456_none_60b8a6cb71f64256\COMCTL32.dll
0x00007fffcafd0000 - 0x00007fffcb06d000 	C:\Windows\System32\msvcp_win.dll
0x00007fffcb520000 - 0x00007fffcb5be000 	C:\Windows\System32\msvcrt.dll
0x00007fffccab0000 - 0x00007fffccadf000 	C:\Windows\System32\IMM32.DLL
0x00007fffc5af0000 - 0x00007fffc5afc000 	C:\Users\Shilpa\Desktop\Selenium_Works\Eclipse\eclipse\plugins\org.eclipse.justj.openjdk.hotspot.jre.full.win32.x86_64_21.0.8.v20250724-1412\jre\bin\vcruntime140_1.dll
0x00007fffba790000 - 0x00007fffba81d000 	C:\Users\Shilpa\Desktop\Selenium_Works\Eclipse\eclipse\plugins\org.eclipse.justj.openjdk.hotspot.jre.full.win32.x86_64_21.0.8.v20250724-1412\jre\bin\msvcp140.dll
0x00007fff58a80000 - 0x00007fff59817000 	C:\Users\Shilpa\Desktop\Selenium_Works\Eclipse\eclipse\plugins\org.eclipse.justj.openjdk.hotspot.jre.full.win32.x86_64_21.0.8.v20250724-1412\jre\bin\server\jvm.dll
0x00007fffcc320000 - 0x00007fffcc3d1000 	C:\Windows\System32\ADVAPI32.dll
0x00007fffcb290000 - 0x00007fffcb32f000 	C:\Windows\System32\sechost.dll
0x00007fffccd60000 - 0x00007fffcce80000 	C:\Windows\System32\RPCRT4.dll
0x00007fffca7e0000 - 0x00007fffca807000 	C:\Windows\System32\bcrypt.dll
0x00007fffcca40000 - 0x00007fffccaab000 	C:\Windows\System32\WS2_32.dll
0x00007fffc9d20000 - 0x00007fffc9d6b000 	C:\Windows\SYSTEM32\POWRPROF.dll
0x00007fffc55b0000 - 0x00007fffc55ba000 	C:\Windows\SYSTEM32\VERSION.dll
0x00007fffacb80000 - 0x00007fffacba7000 	C:\Windows\SYSTEM32\WINMM.dll
0x00007fffc9be0000 - 0x00007fffc9bf2000 	C:\Windows\SYSTEM32\UMPDC.dll
0x00007fffc8fb0000 - 0x00007fffc8fc2000 	C:\Windows\SYSTEM32\kernel.appcore.dll
0x00007fffc6900000 - 0x00007fffc690a000 	C:\Users\Shilpa\Desktop\Selenium_Works\Eclipse\eclipse\plugins\org.eclipse.justj.openjdk.hotspot.jre.full.win32.x86_64_21.0.8.v20250724-1412\jre\bin\jimage.dll
0x00007fffc84e0000 - 0x00007fffc86e1000 	C:\Windows\SYSTEM32\DBGHELP.DLL
0x00007fffac510000 - 0x00007fffac544000 	C:\Windows\SYSTEM32\dbgcore.DLL
0x00007fffcaf40000 - 0x00007fffcafc2000 	C:\Windows\System32\bcryptPrimitives.dll
0x00007fffbec30000 - 0x00007fffbec4f000 	C:\Users\Shilpa\Desktop\Selenium_Works\Eclipse\eclipse\plugins\org.eclipse.justj.openjdk.hotspot.jre.full.win32.x86_64_21.0.8.v20250724-1412\jre\bin\java.dll
0x00007fffcb5c0000 - 0x00007fffcbd30000 	C:\Windows\System32\SHELL32.dll
0x00007fffc87f0000 - 0x00007fffc8f95000 	C:\Windows\SYSTEM32\windows.storage.dll
0x00007fffcbee0000 - 0x00007fffcc234000 	C:\Windows\System32\combase.dll
0x00007fffca210000 - 0x00007fffca23b000 	C:\Windows\SYSTEM32\Wldp.dll
0x00007fffccfc0000 - 0x00007fffcd08d000 	C:\Windows\System32\OLEAUT32.dll
0x00007fffcc990000 - 0x00007fffcca3d000 	C:\Windows\System32\SHCORE.dll
0x00007fffcc240000 - 0x00007fffcc29b000 	C:\Windows\System32\shlwapi.dll
0x00007fffca710000 - 0x00007fffca734000 	C:\Windows\SYSTEM32\profapi.dll
0x00007fffa1230000 - 0x00007fffa1248000 	C:\Users\Shilpa\Desktop\Selenium_Works\Eclipse\eclipse\plugins\org.eclipse.justj.openjdk.hotspot.jre.full.win32.x86_64_21.0.8.v20250724-1412\jre\bin\zip.dll
0x00007fffa15f0000 - 0x00007fffa1600000 	C:\Users\Shilpa\Desktop\Selenium_Works\Eclipse\eclipse\plugins\org.eclipse.justj.openjdk.hotspot.jre.full.win32.x86_64_21.0.8.v20250724-1412\jre\bin\net.dll
0x00007fffc1210000 - 0x00007fffc131a000 	C:\Windows\SYSTEM32\WINHTTP.dll
0x00007fffc9f70000 - 0x00007fffc9fda000 	C:\Windows\system32\mswsock.dll
0x00007fffa1210000 - 0x00007fffa1226000 	C:\Users\Shilpa\Desktop\Selenium_Works\Eclipse\eclipse\plugins\org.eclipse.justj.openjdk.hotspot.jre.full.win32.x86_64_21.0.8.v20250724-1412\jre\bin\nio.dll
0x00007fffc9c50000 - 0x00007fffc9d1a000 	C:\Windows\SYSTEM32\DNSAPI.dll
0x00007fffc9c00000 - 0x00007fffc9c3b000 	C:\Windows\SYSTEM32\IPHLPAPI.DLL
0x00007fffcb1d0000 - 0x00007fffcb1d8000 	C:\Windows\System32\NSI.dll
0x00007fffc1fa0000 - 0x00007fffc1faa000 	C:\Windows\System32\rasadhlp.dll
0x00007fffb2390000 - 0x00007fffb2410000 	C:\Windows\System32\fwpuclnt.dll
0x00007fffbe820000 - 0x00007fffbe829000 	C:\Users\Shilpa\Desktop\Selenium_Works\Eclipse\eclipse\plugins\org.eclipse.justj.openjdk.hotspot.jre.full.win32.x86_64_21.0.8.v20250724-1412\jre\bin\extnet.dll
0x00007fffca170000 - 0x00007fffca188000 	C:\Windows\SYSTEM32\CRYPTSP.dll
0x00007fffc9820000 - 0x00007fffc9858000 	C:\Windows\system32\rsaenh.dll
0x00007fffca6d0000 - 0x00007fffca6fe000 	C:\Windows\SYSTEM32\USERENV.dll
0x00007fffca160000 - 0x00007fffca16c000 	C:\Windows\SYSTEM32\CRYPTBASE.dll
0x00007fffbe810000 - 0x00007fffbe81a000 	C:\Users\Shilpa\Desktop\Selenium_Works\Eclipse\eclipse\plugins\org.eclipse.justj.openjdk.hotspot.jre.full.win32.x86_64_21.0.8.v20250724-1412\jre\bin\management.dll
0x00007fffbe800000 - 0x00007fffbe80b000 	C:\Users\Shilpa\Desktop\Selenium_Works\Eclipse\eclipse\plugins\org.eclipse.justj.openjdk.hotspot.jre.full.win32.x86_64_21.0.8.v20250724-1412\jre\bin\management_ext.dll
0x00007fffcc310000 - 0x00007fffcc318000 	C:\Windows\System32\PSAPI.DLL
0x00007fffa11f0000 - 0x00007fffa11fe000 	C:\Users\Shilpa\Desktop\Selenium_Works\Eclipse\eclipse\plugins\org.eclipse.justj.openjdk.hotspot.jre.full.win32.x86_64_21.0.8.v20250724-1412\jre\bin\sunmscapi.dll
0x00007fffca990000 - 0x00007fffcaaed000 	C:\Windows\System32\CRYPT32.dll
0x00007fffca280000 - 0x00007fffca2a7000 	C:\Windows\SYSTEM32\ncrypt.dll
0x00007fffca240000 - 0x00007fffca27b000 	C:\Windows\SYSTEM32\NTASN1.dll

JVMTI agents: none

dbghelp: loaded successfully - version: 4.0.5 - missing functions: none
symbol engine: initialized successfully - sym options: 0x614 - pdb path: .;C:\Users\Shilpa\Desktop\Selenium_Works\Eclipse\eclipse\plugins\org.eclipse.justj.openjdk.hotspot.jre.full.win32.x86_64_21.0.8.v20250724-1412\jre\bin;C:\Windows\SYSTEM32;C:\Windows\WinSxS\amd64_microsoft.windows.common-controls_6595b64144ccf1df_6.0.19041.6456_none_60b8a6cb71f64256;C:\Users\Shilpa\Desktop\Selenium_Works\Eclipse\eclipse\plugins\org.eclipse.justj.openjdk.hotspot.jre.full.win32.x86_64_21.0.8.v20250724-1412\jre\bin\server

VM Arguments:
jvm_args: -ea -Dfile.encoding=UTF-8 -Dstdout.encoding=UTF-8 -Dstderr.encoding=UTF-8 -XX:+ShowCodeDetailsInExceptionMessages 
java_command: org.testng.remote.RemoteTestNG -serport 53381 -protocol json -d C:\Users\Shilpa\eclipse-workspace\AutomationProject\test-output C:\Users\Shilpa\AppData\Local\Temp\testng-eclipse--2086211266\testng-customsuite.xml
java_class_path (initial): C:\Users\Shilpa\Desktop\Selenium_Works\Eclipse\eclipse\configuration\org.eclipse.osgi\591\0\.cp\lib\testng-remote.jar;C:\Users\Shilpa\eclipse-workspace\AutomationProject\target\test-classes;C:\Users\Shilpa\eclipse-workspace\AutomationProject\target\classes;C:\Users\Shilpa\.m2\repository\org\seleniumhq\selenium\selenium-java\4.38.0\selenium-java-4.38.0.jar;C:\Users\Shilpa\.m2\repository\org\seleniumhq\selenium\selenium-api\4.38.0\selenium-api-4.38.0.jar;C:\Users\Shilpa\.m2\repository\org\jspecify\jspecify\1.0.0\jspecify-1.0.0.jar;C:\Users\Shilpa\.m2\repository\org\seleniumhq\selenium\selenium-chrome-driver\4.38.0\selenium-chrome-driver-4.38.0.jar;C:\Users\Shilpa\.m2\repository\com\google\auto\service\auto-service-annotations\1.1.1\auto-service-annotations-1.1.1.jar;C:\Users\Shilpa\.m2\repository\org\seleniumhq\selenium\selenium-chromium-driver\4.38.0\selenium-chromium-driver-4.38.0.jar;C:\Users\Shilpa\.m2\repository\org\seleniumhq\selenium\selenium-json\4.38.0\selenium-json-4.38.0.jar;C:\Users\Shilpa\.m2\repository\org\seleniumhq\selenium\selenium-manager\4.38.0\selenium-manager-4.38.0.jar;C:\Users\Shilpa\.m2\repository\org\seleniumhq\selenium\selenium-devtools-v140\4.38.0\selenium-devtools-v140-4.38.0.jar;C:\Users\Shilpa\.m2\repository\org\seleniumhq\selenium\selenium-devtools-v141\4.38.0\selenium-devtools-v141-4.38.0.jar;C:\Users\Shilpa\.m2\repository\org\seleniumhq\selenium\selenium-devtools-v142\4.38.0\selenium-devtools-v142-4.38.0.jar;C:\Users\Shilpa\.m2\repository\org\seleniumhq\selenium\selenium-edge-driver\4.38.0\selenium-edge-driver-4.38.0.jar;C:\Users\Shilpa\.m2\repository\org\seleniumhq\selenium\selenium-firefox-driver\4.38.0\selenium-firefox-driver-4.38.0.jar;C:\Users\Shilpa\.m2\repository\org\seleniumhq\selenium\selenium-http\4.38.0\selenium-http-4.38.0.jar;C:\Users\Shilpa\.m2\repository\org\seleniumhq\selenium\selenium-ie-driver\4.38.0\selenium-ie-driver-4.38.0.jar;C:\Users\Shilpa\.m2\repository\org\seleniumhq\selenium\selenium-remote-driver\4.38.0\selenium-remote-driver-4.38.0.jar;C:\Users\Shilpa\.m2\repository\com\google\guava\guava\33.5.0-jre\guava-33.5.0-jre.jar;C:\Users\Shilpa\.m2\repository\com\google\guava\failureaccess\1.0.3\failureaccess-1.0.3.jar;C:\Users\Shilpa\.m2\repository\com\google\guava\listenablefuture\9999.0-empty-to-avoid-conflict-with-guava\listenablefuture-9999.0-empty-to-avoid-conflict-with-guava.jar;C:\Users\Shilpa\.m2\repository\com\google\errorprone\error_prone_annotations\2.41.0\error_prone_annotations-2.41.0.jar;C:\Users\Shilpa\.m2\repository\com\google\j2objc\j2objc-annotations\3.1\j2objc-annotations-3.1.jar;C:\Users\Shilpa\.m2\repository\io\opentelemetry\opentelemetry-api\1.55.0\opentelemetry-api-1.55.0.jar;C:\Users\Shilpa\.m2\repository\io\opentelemetry\opentelemetry-context\1.55.0\opentelemetry-context-1.55.0.jar;C:\Users\Shilpa\.m2\repository\io\opentelemetry\opentelemetry-common\1.55.0\opentelemetry-common-1.55.0.jar;C:\Users\Shilpa\.m2\repository\io\opentelemetry\opentelemetry-exporter-logging\1.55.0\opentelemetry-exporter-logging-1.55.0.jar;C:\Users\Shilpa\.m2\repository\io\opentelemetry\opentelemetry-sdk-common\1.55.0\opentelemetry-sdk-common-1.55.0.jar;C:\Users\Shilpa\.m2\repository\io\opentelemetry\opentelemetry-sdk-extension-autoconfigure-spi\1.55.0\opentelemetry-sdk-extension-autoconfigure-spi-1.55.0.jar;C:\Users\Shilpa\.m2\repository\io\opentelemetry\opentelemetry-sdk-extension-autoconfigure\1.55.0\opentelemetry-sdk-extension-autoconfigure-1.55.0.jar;C:\Users\Shilpa\.m2\repository\io\opentelemetry\opentelemetry-sdk-trace\1.55.0\opentelemetry-sdk-trace-1.55.0.jar;C:\Users\Shilpa\.m2\repository\io\opentelemetry\opentelemetry-sdk\1.55.0\opentelemetry-sdk-1.55.0.jar;C:\Users\Shilpa\.m2\repository\io\opentelemetry\opentelemetry-sdk-metrics\1.55.0\opentelemetry-sdk-metrics-1.55.0.jar;C:\Users\Shilpa\.m2\repository\io\opentelemetry\opentelemetry-sdk-logs\1.55.0\opentelemetry-sdk-logs-1.55.0.jar;C:\Users\Shilpa\.m2\repository\net\bytebuddy\byte-buddy\1.17.8\byte-buddy-1.17.8.jar;C:\Users\Shilpa\.m2\repository\org\seleniumhq\selenium\selenium-os\4.38.0\selenium-os-4.38.0.jar;C:\Users\Shilpa\.m2\repository\org\apache\commons\commons-exec\1.5.0\commons-exec-1.5.0.jar;C:\Users\Shilpa\.m2\repository\org\seleniumhq\selenium\selenium-safari-driver\4.38.0\selenium-safari-driver-4.38.0.jar;C:\Users\Shilpa\.m2\repository\org\seleniumhq\selenium\selenium-support\4.38.0\selenium-support-4.38.0.jar;C:\Users\Shilpa\.m2\repository\org\testng\testng\7.11.0\testng-7.11.0.jar;C:\Users\Shilpa\.m2\repository\org\slf4j\slf4j-api\2.0.16\slf4j-api-2.0.16.jar;C:\Users\Shilpa\.m2\repository\org\jcommander\jcommander\1.83\jcommander-1.83.jar;C:\Users\Shilpa\.m2\repository\org\webjars\jquery\3.7.1\jquery-3.7.1.jar;C:\Users\Shilpa\.m2\repository\org\apache\poi\poi\5.5.1\poi-5.5.1.jar;C:\Users\Shilpa\.m2\repository\commons-codec\commons-codec\1.20.0\commons-codec-1.20.0.jar;C:\Users\Shilpa\.m2\repository\org\apache\commons\commons-collections4\4.5.0\commons-collections4-4.5.0.jar;C:\Users\Shilpa\.m2\repository\org\apache\commons\commons-math3\3.6.1\commons-math3-3.6.1.jar;C:\Users\Shilpa\.m2\repository\commons-io\commons-io\2.21.0\commons-io-2.21.0.jar;C:\Users\Shilpa\.m2\repository\com\zaxxer\SparseBitSet\1.3\SparseBitSet-1.3.jar;C:\Users\Shilpa\.m2\repository\org\apache\logging\log4j\log4j-api\2.24.3\log4j-api-2.24.3.jar;C:\Users\Shilpa\.m2\repository\org\apache\poi\poi-ooxml\5.5.1\poi-ooxml-5.5.1.jar;C:\Users\Shilpa\.m2\repository\org\apache\poi\poi-ooxml-lite\5.5.1\poi-ooxml-lite-5.5.1.jar;C:\Users\Shilpa\.m2\repository\org\apache\xmlbeans\xmlbeans\5.3.0\xmlbeans-5.3.0.jar;C:\Users\Shilpa\.m2\repository\org\apache\commons\commons-compress\1.28.0\commons-compress-1.28.0.jar;C:\Users\Shilpa\.m2\repository\org\apache\commons\commons-lang3\3.18.0\commons-lang3-3.18.0.jar;C:\Users\Shilpa\.m2\repository\com\github\virtuald\curvesapi\1.08\curvesapi-1.08.jar
Launcher Type: SUN_STANDARD

[Global flags]
     intx CICompilerCount                          = 3                                         {product} {ergonomic}
     uint ConcGCThreads                            = 1                                         {product} {ergonomic}
     uint G1ConcRefinementThreads                  = 4                                         {product} {ergonomic}
   size_t G1HeapRegionSize                         = 1048576                                   {product} {ergonomic}
    uintx GCDrainStackTargetSize                   = 64                                        {product} {ergonomic}
   size_t InitialHeapSize                          = 67108864                                  {product} {ergonomic}
   size_t MarkStackSize                            = 4194304                                   {product} {ergonomic}
   size_t MaxHeapSize                              = 1042284544                                {product} {ergonomic}
   size_t MaxNewSize                               = 624951296                                 {product} {ergonomic}
   size_t MinHeapDeltaBytes                        = 1048576                                   {product} {ergonomic}
   size_t MinHeapSize                              = 8388608                                   {product} {ergonomic}
    uintx NonNMethodCodeHeapSize                   = 5832780                                {pd product} {ergonomic}
    uintx NonProfiledCodeHeapSize                  = 122912730                              {pd product} {ergonomic}
    uintx ProfiledCodeHeapSize                     = 122912730                              {pd product} {ergonomic}
    uintx ReservedCodeCacheSize                    = 251658240                              {pd product} {ergonomic}
     bool SegmentedCodeCache                       = true                                      {product} {ergonomic}
     bool ShowCodeDetailsInExceptionMessages       = true                                   {manageable} {command line}
   size_t SoftMaxHeapSize                          = 1042284544                             {manageable} {ergonomic}
     bool UseCompressedOops                        = true                           {product lp64_product} {ergonomic}
     bool UseG1GC                                  = true                                      {product} {ergonomic}
     bool UseLargePagesIndividualAllocation        = false                                  {pd product} {ergonomic}

Logging:
Log output configuration:
 #0: stdout all=warning uptime,level,tags foldmultilines=false
 #1: stderr all=off uptime,level,tags foldmultilines=false

Environment Variables:
PATH=C:/Users/Shilpa/Desktop/Selenium_Works/Eclipse/eclipse//plugins/org.eclipse.justj.openjdk.hotspot.jre.full.win32.x86_64_21.0.8.v20250724-1412/jre/bin/server;C:/Users/Shilpa/Desktop/Selenium_Works/Eclipse/eclipse//plugins/org.eclipse.justj.openjdk.hotspot.jre.full.win32.x86_64_21.0.8.v20250724-1412/jre/bin;C:\Program Files\Common Files\Oracle\Java\javapath;C:\Windows\system32;C:\Windows;C:\Windows\System32\Wbem;C:\Windows\System32\WindowsPowerShell\v1.0\;C:\Windows\System32\OpenSSH\;C:\Program Files\MySQL\MySQL Server 8.0\bin;C:\Program Files (x86)\Microsoft SQL Server\160\Tools\Binn\;C:\Program Files\Microsoft SQL Server\160\Tools\Binn\;C:\Program Files\Microsoft SQL Server\Client SDK\ODBC\170\Tools\Binn\;C:\Program Files\Microsoft SQL Server\160\DTS\Binn\;C:\Program Files\MySQL\MySQL Shell 8.0\bin\;C:\Users\Shilpa\AppData\Local\Programs\Python\Python311\Scripts\;C:\Users\Shilpa\AppData\Local\Programs\Python\Python311\;C:\Users\Shilpa\AppData\Local\Microsoft\WindowsApps;C:\Program Files\JetBrains\PyCharm Community Edition 2023.2\bin;;;C:\Users\Shilpa\AppData\Local\Programs\Microsoft VS Code\bin;C:\Users\Shilpa\Desktop\Selenium_Works\Eclipse\eclipse;
USERNAME=Shilpa
OS=Windows_NT
PROCESSOR_IDENTIFIER=Intel64 Family 6 Model 142 Stepping 9, GenuineIntel
TMP=C:\Users\Shilpa\AppData\Local\Temp
TEMP=C:\Users\Shilpa\AppData\Local\Temp




Periodic native trim disabled

---------------  S Y S T E M  ---------------

OS:
 Windows 10 , 64 bit Build 19041 (10.0.19041.5915)
OS uptime: 10 days 21:50 hours

CPU: total 4 (initial active 4) (2 cores per cpu, 2 threads per core) family 6 model 142 stepping 9 microcode 0xb4, cx8, cmov, fxsr, ht, mmx, 3dnowpref, sse, sse2, sse3, ssse3, sse4.1, sse4.2, popcnt, lzcnt, tsc, tscinvbit, avx, avx2, aes, erms, clmul, bmi1, bmi2, adx, fma, vzeroupper, clflush, clflushopt, rdtscp, f16c
Processor Information for the first 4 processors :
  Max Mhz: 2304, Current Mhz: 2304, Mhz Limit: 2304

Memory: 4k page, system-wide physical 3975M (106M free)
TotalPageFile size 16263M (AvailPageFile size 2M)
current process WorkingSet (physical memory assigned to process): 109M, peak: 109M
current process commit charge ("private bytes"): 179M, peak: 179M

vm_info: OpenJDK 64-Bit Server VM (21.0.8+9-LTS) for windows-amd64 JRE (21.0.8+9-LTS), built on 2025-07-15T00:00:00Z by "admin" with MS VC++ 17.7 (VS2022)

END.
